{
  "stats": {
    "suites": 2,
    "tests": 20,
    "passes": 20,
    "pending": 0,
    "failures": 0,
    "start": "2020-06-19T07:39:09.188Z",
    "end": "2020-06-19T07:39:09.188Z",
    "duration": 463692,
    "testsRegistered": 20,
    "passPercent": 100,
    "pendingPercent": 0,
    "other": 0,
    "hasOther": false,
    "skipped": 0,
    "hasSkipped": false
  },
  "results": [
    {
      "uuid": "2485e076-15c5-4603-bc7b-4664405274af",
      "title": "",
      "fullFile": "cypress\\integration\\CoDSupervisorChecks.feature",
      "file": "cypress\\integration\\CoDSupervisorChecks.feature",
      "beforeHooks": [],
      "afterHooks": [],
      "tests": [],
      "suites": [
        {
          "uuid": "2a41da6d-aba5-4b7d-bc6f-5f1b61496133",
          "title": "Cloud on Demand checks - Supervisor",
          "fullFile": "",
          "file": "",
          "beforeHooks": [],
          "afterHooks": [],
          "tests": [
            {
              "title": "Verify if Portal Page loads with Portal Banner \"Ads\"",
              "fullTitle": "Cloud on Demand checks - Supervisor Verify if Portal Page loads with Portal Banner \"Ads\"",
              "timedOut": null,
              "duration": 20475,
              "state": "passed",
              "speed": "slow",
              "pass": true,
              "fail": false,
              "pending": false,
              "context": null,
              "code": "const state = window.testState;\nreturn cy\n  .then(() => state.onStartScenario(scenario, indexedSteps))\n  .then(() =>\n    resolveAndRunBeforeHooks.call(this, scenario.tags, state.feature.name)\n  )\n  .then(() =>\n    indexedSteps.forEach(step => stepTest.call(this, state, step, rowData))\n  )\n  .then(() =>\n    resolveAndRunAfterHooks.call(this, scenario.tags, state.feature.name)\n  )\n  .then(() => state.onFinishScenario(scenario));",
              "err": {},
              "uuid": "35077f06-cdb0-4806-affc-48d79c35ef9c",
              "parentUUID": "2a41da6d-aba5-4b7d-bc6f-5f1b61496133",
              "isHook": false,
              "skipped": false
            },
            {
              "title": "As a Supervisor I have access to \"Skill Management\" (example #1)",
              "fullTitle": "Cloud on Demand checks - Supervisor As a Supervisor I have access to \"Skill Management\" (example #1)",
              "timedOut": null,
              "duration": 19888,
              "state": "passed",
              "speed": "slow",
              "pass": true,
              "fail": false,
              "pending": false,
              "context": null,
              "code": "const state = window.testState;\nreturn cy\n  .then(() => state.onStartScenario(scenario, indexedSteps))\n  .then(() =>\n    resolveAndRunBeforeHooks.call(this, scenario.tags, state.feature.name)\n  )\n  .then(() =>\n    indexedSteps.forEach(step => stepTest.call(this, state, step, rowData))\n  )\n  .then(() =>\n    resolveAndRunAfterHooks.call(this, scenario.tags, state.feature.name)\n  )\n  .then(() => state.onFinishScenario(scenario));",
              "err": {},
              "uuid": "c5770efc-7806-4d9a-8331-20ea358754d0",
              "parentUUID": "2a41da6d-aba5-4b7d-bc6f-5f1b61496133",
              "isHook": false,
              "skipped": false
            },
            {
              "title": "As a Supervisor I have access to \"Virtual Queue\" (example #2)",
              "fullTitle": "Cloud on Demand checks - Supervisor As a Supervisor I have access to \"Virtual Queue\" (example #2)",
              "timedOut": null,
              "duration": 21423,
              "state": "passed",
              "speed": "slow",
              "pass": true,
              "fail": false,
              "pending": false,
              "context": null,
              "code": "const state = window.testState;\nreturn cy\n  .then(() => state.onStartScenario(scenario, indexedSteps))\n  .then(() =>\n    resolveAndRunBeforeHooks.call(this, scenario.tags, state.feature.name)\n  )\n  .then(() =>\n    indexedSteps.forEach(step => stepTest.call(this, state, step, rowData))\n  )\n  .then(() =>\n    resolveAndRunAfterHooks.call(this, scenario.tags, state.feature.name)\n  )\n  .then(() => state.onFinishScenario(scenario));",
              "err": {},
              "uuid": "cf0be249-dd6c-4948-a881-ddb82115da40",
              "parentUUID": "2a41da6d-aba5-4b7d-bc6f-5f1b61496133",
              "isHook": false,
              "skipped": false
            },
            {
              "title": "As a Supervisor I have access to \"Dashboards\" (example #3)",
              "fullTitle": "Cloud on Demand checks - Supervisor As a Supervisor I have access to \"Dashboards\" (example #3)",
              "timedOut": null,
              "duration": 16703,
              "state": "passed",
              "speed": "slow",
              "pass": true,
              "fail": false,
              "pending": false,
              "context": null,
              "code": "const state = window.testState;\nreturn cy\n  .then(() => state.onStartScenario(scenario, indexedSteps))\n  .then(() =>\n    resolveAndRunBeforeHooks.call(this, scenario.tags, state.feature.name)\n  )\n  .then(() =>\n    indexedSteps.forEach(step => stepTest.call(this, state, step, rowData))\n  )\n  .then(() =>\n    resolveAndRunAfterHooks.call(this, scenario.tags, state.feature.name)\n  )\n  .then(() => state.onFinishScenario(scenario));",
              "err": {},
              "uuid": "a6391a7f-0914-45bb-adc6-75a8678472a0",
              "parentUUID": "2a41da6d-aba5-4b7d-bc6f-5f1b61496133",
              "isHook": false,
              "skipped": false
            },
            {
              "title": "As a Supervisor I have access to \"Real Time\" (example #4)",
              "fullTitle": "Cloud on Demand checks - Supervisor As a Supervisor I have access to \"Real Time\" (example #4)",
              "timedOut": null,
              "duration": 29337,
              "state": "passed",
              "speed": "slow",
              "pass": true,
              "fail": false,
              "pending": false,
              "context": null,
              "code": "const state = window.testState;\nreturn cy\n  .then(() => state.onStartScenario(scenario, indexedSteps))\n  .then(() =>\n    resolveAndRunBeforeHooks.call(this, scenario.tags, state.feature.name)\n  )\n  .then(() =>\n    indexedSteps.forEach(step => stepTest.call(this, state, step, rowData))\n  )\n  .then(() =>\n    resolveAndRunAfterHooks.call(this, scenario.tags, state.feature.name)\n  )\n  .then(() => state.onFinishScenario(scenario));",
              "err": {},
              "uuid": "6f066171-ce53-4b13-a1ae-2862fee0c78f",
              "parentUUID": "2a41da6d-aba5-4b7d-bc6f-5f1b61496133",
              "isHook": false,
              "skipped": false
            },
            {
              "title": "As a Supervisor I have access to \"Interaction Architect\" (example #5)",
              "fullTitle": "Cloud on Demand checks - Supervisor As a Supervisor I have access to \"Interaction Architect\" (example #5)",
              "timedOut": null,
              "duration": 25027,
              "state": "passed",
              "speed": "slow",
              "pass": true,
              "fail": false,
              "pending": false,
              "context": null,
              "code": "const state = window.testState;\nreturn cy\n  .then(() => state.onStartScenario(scenario, indexedSteps))\n  .then(() =>\n    resolveAndRunBeforeHooks.call(this, scenario.tags, state.feature.name)\n  )\n  .then(() =>\n    indexedSteps.forEach(step => stepTest.call(this, state, step, rowData))\n  )\n  .then(() =>\n    resolveAndRunAfterHooks.call(this, scenario.tags, state.feature.name)\n  )\n  .then(() => state.onFinishScenario(scenario));",
              "err": {},
              "uuid": "5095545f-7fc1-4833-8561-61f74b4fddca",
              "parentUUID": "2a41da6d-aba5-4b7d-bc6f-5f1b61496133",
              "isHook": false,
              "skipped": false
            },
            {
              "title": "As a Supervisor I have access to \"Interaction Plan Management\" (example #6)",
              "fullTitle": "Cloud on Demand checks - Supervisor As a Supervisor I have access to \"Interaction Plan Management\" (example #6)",
              "timedOut": null,
              "duration": 16506,
              "state": "passed",
              "speed": "slow",
              "pass": true,
              "fail": false,
              "pending": false,
              "context": null,
              "code": "const state = window.testState;\nreturn cy\n  .then(() => state.onStartScenario(scenario, indexedSteps))\n  .then(() =>\n    resolveAndRunBeforeHooks.call(this, scenario.tags, state.feature.name)\n  )\n  .then(() =>\n    indexedSteps.forEach(step => stepTest.call(this, state, step, rowData))\n  )\n  .then(() =>\n    resolveAndRunAfterHooks.call(this, scenario.tags, state.feature.name)\n  )\n  .then(() => state.onFinishScenario(scenario));",
              "err": {},
              "uuid": "49122d6b-1c13-4921-84fe-79064f539dea",
              "parentUUID": "2a41da6d-aba5-4b7d-bc6f-5f1b61496133",
              "isHook": false,
              "skipped": false
            },
            {
              "title": "As a Supervisor I have access to \"Stats and Reports\" (example #7)",
              "fullTitle": "Cloud on Demand checks - Supervisor As a Supervisor I have access to \"Stats and Reports\" (example #7)",
              "timedOut": null,
              "duration": 22928,
              "state": "passed",
              "speed": "slow",
              "pass": true,
              "fail": false,
              "pending": false,
              "context": null,
              "code": "const state = window.testState;\nreturn cy\n  .then(() => state.onStartScenario(scenario, indexedSteps))\n  .then(() =>\n    resolveAndRunBeforeHooks.call(this, scenario.tags, state.feature.name)\n  )\n  .then(() =>\n    indexedSteps.forEach(step => stepTest.call(this, state, step, rowData))\n  )\n  .then(() =>\n    resolveAndRunAfterHooks.call(this, scenario.tags, state.feature.name)\n  )\n  .then(() => state.onFinishScenario(scenario));",
              "err": {},
              "uuid": "6c91dade-8e4f-493a-bf54-f74c89e644fc",
              "parentUUID": "2a41da6d-aba5-4b7d-bc6f-5f1b61496133",
              "isHook": false,
              "skipped": false
            },
            {
              "title": "As a Supervisor I have access to \"IVR Data Collector\" (example #8)",
              "fullTitle": "Cloud on Demand checks - Supervisor As a Supervisor I have access to \"IVR Data Collector\" (example #8)",
              "timedOut": null,
              "duration": 17902,
              "state": "passed",
              "speed": "slow",
              "pass": true,
              "fail": false,
              "pending": false,
              "context": null,
              "code": "const state = window.testState;\nreturn cy\n  .then(() => state.onStartScenario(scenario, indexedSteps))\n  .then(() =>\n    resolveAndRunBeforeHooks.call(this, scenario.tags, state.feature.name)\n  )\n  .then(() =>\n    indexedSteps.forEach(step => stepTest.call(this, state, step, rowData))\n  )\n  .then(() =>\n    resolveAndRunAfterHooks.call(this, scenario.tags, state.feature.name)\n  )\n  .then(() => state.onFinishScenario(scenario));",
              "err": {},
              "uuid": "e975d5c3-ab53-4b1a-8b29-91f73a6a4d0f",
              "parentUUID": "2a41da6d-aba5-4b7d-bc6f-5f1b61496133",
              "isHook": false,
              "skipped": false
            },
            {
              "title": "As a Supervisor I have access to \"Call Recordings\" (example #9)",
              "fullTitle": "Cloud on Demand checks - Supervisor As a Supervisor I have access to \"Call Recordings\" (example #9)",
              "timedOut": null,
              "duration": 25221,
              "state": "passed",
              "speed": "slow",
              "pass": true,
              "fail": false,
              "pending": false,
              "context": null,
              "code": "const state = window.testState;\nreturn cy\n  .then(() => state.onStartScenario(scenario, indexedSteps))\n  .then(() =>\n    resolveAndRunBeforeHooks.call(this, scenario.tags, state.feature.name)\n  )\n  .then(() =>\n    indexedSteps.forEach(step => stepTest.call(this, state, step, rowData))\n  )\n  .then(() =>\n    resolveAndRunAfterHooks.call(this, scenario.tags, state.feature.name)\n  )\n  .then(() => state.onFinishScenario(scenario));",
              "err": {},
              "uuid": "54939255-d5ae-4177-bc88-eec99d2daa56",
              "parentUUID": "2a41da6d-aba5-4b7d-bc6f-5f1b61496133",
              "isHook": false,
              "skipped": false
            },
            {
              "title": "As a Supervisor I have access to \"System Audit\" (example #10)",
              "fullTitle": "Cloud on Demand checks - Supervisor As a Supervisor I have access to \"System Audit\" (example #10)",
              "timedOut": null,
              "duration": 17378,
              "state": "passed",
              "speed": "slow",
              "pass": true,
              "fail": false,
              "pending": false,
              "context": null,
              "code": "const state = window.testState;\nreturn cy\n  .then(() => state.onStartScenario(scenario, indexedSteps))\n  .then(() =>\n    resolveAndRunBeforeHooks.call(this, scenario.tags, state.feature.name)\n  )\n  .then(() =>\n    indexedSteps.forEach(step => stepTest.call(this, state, step, rowData))\n  )\n  .then(() =>\n    resolveAndRunAfterHooks.call(this, scenario.tags, state.feature.name)\n  )\n  .then(() => state.onFinishScenario(scenario));",
              "err": {},
              "uuid": "1cdf54e6-7292-4ffa-9c76-08e62c780116",
              "parentUUID": "2a41da6d-aba5-4b7d-bc6f-5f1b61496133",
              "isHook": false,
              "skipped": false
            },
            {
              "title": "As a Supervisor I have access to \"System Settings\" (example #11)",
              "fullTitle": "Cloud on Demand checks - Supervisor As a Supervisor I have access to \"System Settings\" (example #11)",
              "timedOut": null,
              "duration": 17112,
              "state": "passed",
              "speed": "slow",
              "pass": true,
              "fail": false,
              "pending": false,
              "context": null,
              "code": "const state = window.testState;\nreturn cy\n  .then(() => state.onStartScenario(scenario, indexedSteps))\n  .then(() =>\n    resolveAndRunBeforeHooks.call(this, scenario.tags, state.feature.name)\n  )\n  .then(() =>\n    indexedSteps.forEach(step => stepTest.call(this, state, step, rowData))\n  )\n  .then(() =>\n    resolveAndRunAfterHooks.call(this, scenario.tags, state.feature.name)\n  )\n  .then(() => state.onFinishScenario(scenario));",
              "err": {},
              "uuid": "85ad4913-2b96-4553-99eb-228a39f91425",
              "parentUUID": "2a41da6d-aba5-4b7d-bc6f-5f1b61496133",
              "isHook": false,
              "skipped": false
            },
            {
              "title": "As a Supervisor I have access to \"User Admin\" (example #12)",
              "fullTitle": "Cloud on Demand checks - Supervisor As a Supervisor I have access to \"User Admin\" (example #12)",
              "timedOut": null,
              "duration": 21502,
              "state": "passed",
              "speed": "slow",
              "pass": true,
              "fail": false,
              "pending": false,
              "context": null,
              "code": "const state = window.testState;\nreturn cy\n  .then(() => state.onStartScenario(scenario, indexedSteps))\n  .then(() =>\n    resolveAndRunBeforeHooks.call(this, scenario.tags, state.feature.name)\n  )\n  .then(() =>\n    indexedSteps.forEach(step => stepTest.call(this, state, step, rowData))\n  )\n  .then(() =>\n    resolveAndRunAfterHooks.call(this, scenario.tags, state.feature.name)\n  )\n  .then(() => state.onFinishScenario(scenario));",
              "err": {},
              "uuid": "06b56ad7-4331-412e-92c5-39318d64c527",
              "parentUUID": "2a41da6d-aba5-4b7d-bc6f-5f1b61496133",
              "isHook": false,
              "skipped": false
            },
            {
              "title": "As a Supervisor I have access to \"User Access\" (example #13)",
              "fullTitle": "Cloud on Demand checks - Supervisor As a Supervisor I have access to \"User Access\" (example #13)",
              "timedOut": null,
              "duration": 21562,
              "state": "passed",
              "speed": "slow",
              "pass": true,
              "fail": false,
              "pending": false,
              "context": null,
              "code": "const state = window.testState;\nreturn cy\n  .then(() => state.onStartScenario(scenario, indexedSteps))\n  .then(() =>\n    resolveAndRunBeforeHooks.call(this, scenario.tags, state.feature.name)\n  )\n  .then(() =>\n    indexedSteps.forEach(step => stepTest.call(this, state, step, rowData))\n  )\n  .then(() =>\n    resolveAndRunAfterHooks.call(this, scenario.tags, state.feature.name)\n  )\n  .then(() => state.onFinishScenario(scenario));",
              "err": {},
              "uuid": "2fecd050-1afa-4802-a1cf-6e2e10988af1",
              "parentUUID": "2a41da6d-aba5-4b7d-bc6f-5f1b61496133",
              "isHook": false,
              "skipped": false
            },
            {
              "title": "As a Supervisor I have access to \"API Admin\" (example #14)",
              "fullTitle": "Cloud on Demand checks - Supervisor As a Supervisor I have access to \"API Admin\" (example #14)",
              "timedOut": null,
              "duration": 14868,
              "state": "passed",
              "speed": "slow",
              "pass": true,
              "fail": false,
              "pending": false,
              "context": null,
              "code": "const state = window.testState;\nreturn cy\n  .then(() => state.onStartScenario(scenario, indexedSteps))\n  .then(() =>\n    resolveAndRunBeforeHooks.call(this, scenario.tags, state.feature.name)\n  )\n  .then(() =>\n    indexedSteps.forEach(step => stepTest.call(this, state, step, rowData))\n  )\n  .then(() =>\n    resolveAndRunAfterHooks.call(this, scenario.tags, state.feature.name)\n  )\n  .then(() => state.onFinishScenario(scenario));",
              "err": {},
              "uuid": "d1f9bb67-c71b-4894-a64b-de961b7bd2e0",
              "parentUUID": "2a41da6d-aba5-4b7d-bc6f-5f1b61496133",
              "isHook": false,
              "skipped": false
            },
            {
              "title": "As a Supervisor I have access to \"Salesforce Administration\" (example #15)",
              "fullTitle": "Cloud on Demand checks - Supervisor As a Supervisor I have access to \"Salesforce Administration\" (example #15)",
              "timedOut": null,
              "duration": 16953,
              "state": "passed",
              "speed": "slow",
              "pass": true,
              "fail": false,
              "pending": false,
              "context": null,
              "code": "const state = window.testState;\nreturn cy\n  .then(() => state.onStartScenario(scenario, indexedSteps))\n  .then(() =>\n    resolveAndRunBeforeHooks.call(this, scenario.tags, state.feature.name)\n  )\n  .then(() =>\n    indexedSteps.forEach(step => stepTest.call(this, state, step, rowData))\n  )\n  .then(() =>\n    resolveAndRunAfterHooks.call(this, scenario.tags, state.feature.name)\n  )\n  .then(() => state.onFinishScenario(scenario));",
              "err": {},
              "uuid": "804ed024-9324-4f59-8a29-3547b07ff4bb",
              "parentUUID": "2a41da6d-aba5-4b7d-bc6f-5f1b61496133",
              "isHook": false,
              "skipped": false
            },
            {
              "title": "As a Supervisor I have access to \"Cadence\" (example #16)",
              "fullTitle": "Cloud on Demand checks - Supervisor As a Supervisor I have access to \"Cadence\" (example #16)",
              "timedOut": null,
              "duration": 20263,
              "state": "passed",
              "speed": "slow",
              "pass": true,
              "fail": false,
              "pending": false,
              "context": null,
              "code": "const state = window.testState;\nreturn cy\n  .then(() => state.onStartScenario(scenario, indexedSteps))\n  .then(() =>\n    resolveAndRunBeforeHooks.call(this, scenario.tags, state.feature.name)\n  )\n  .then(() =>\n    indexedSteps.forEach(step => stepTest.call(this, state, step, rowData))\n  )\n  .then(() =>\n    resolveAndRunAfterHooks.call(this, scenario.tags, state.feature.name)\n  )\n  .then(() => state.onFinishScenario(scenario));",
              "err": {},
              "uuid": "67287707-7dce-4998-a554-e5e2d64e0dfd",
              "parentUUID": "2a41da6d-aba5-4b7d-bc6f-5f1b61496133",
              "isHook": false,
              "skipped": false
            }
          ],
          "suites": [],
          "passes": [
            "35077f06-cdb0-4806-affc-48d79c35ef9c",
            "c5770efc-7806-4d9a-8331-20ea358754d0",
            "cf0be249-dd6c-4948-a881-ddb82115da40",
            "a6391a7f-0914-45bb-adc6-75a8678472a0",
            "6f066171-ce53-4b13-a1ae-2862fee0c78f",
            "5095545f-7fc1-4833-8561-61f74b4fddca",
            "49122d6b-1c13-4921-84fe-79064f539dea",
            "6c91dade-8e4f-493a-bf54-f74c89e644fc",
            "e975d5c3-ab53-4b1a-8b29-91f73a6a4d0f",
            "54939255-d5ae-4177-bc88-eec99d2daa56",
            "1cdf54e6-7292-4ffa-9c76-08e62c780116",
            "85ad4913-2b96-4553-99eb-228a39f91425",
            "06b56ad7-4331-412e-92c5-39318d64c527",
            "2fecd050-1afa-4802-a1cf-6e2e10988af1",
            "d1f9bb67-c71b-4894-a64b-de961b7bd2e0",
            "804ed024-9324-4f59-8a29-3547b07ff4bb",
            "67287707-7dce-4998-a554-e5e2d64e0dfd"
          ],
          "failures": [],
          "pending": [],
          "skipped": [],
          "duration": 345048,
          "root": false,
          "rootEmpty": false,
          "_timeout": 2000
        }
      ],
      "passes": [],
      "failures": [],
      "pending": [],
      "skipped": [],
      "duration": 0,
      "root": true,
      "rootEmpty": true,
      "_timeout": 2000
    },
    {
      "uuid": "601c35a8-5923-4e38-a4ee-55efe673bb55",
      "title": "",
      "fullFile": "cypress\\integration\\CoDAgentChecks.feature",
      "file": "cypress\\integration\\CoDAgentChecks.feature",
      "beforeHooks": [],
      "afterHooks": [],
      "tests": [],
      "suites": [
        {
          "uuid": "412634a3-96a0-4412-84a0-1454d25baf61",
          "title": "Cloud on Demand checks - Agent",
          "fullFile": "",
          "file": "",
          "beforeHooks": [],
          "afterHooks": [],
          "tests": [
            {
              "title": "Agent presence can be change from Ready to Away & Away to Ready",
              "fullTitle": "Cloud on Demand checks - Agent Agent presence can be change from Ready to Away & Away to Ready",
              "timedOut": null,
              "duration": 44615,
              "state": "passed",
              "speed": "slow",
              "pass": true,
              "fail": false,
              "pending": false,
              "context": null,
              "code": "const state = window.testState;\nreturn cy\n  .then(() => state.onStartScenario(scenario, indexedSteps))\n  .then(() =>\n    resolveAndRunBeforeHooks.call(this, scenario.tags, state.feature.name)\n  )\n  .then(() =>\n    indexedSteps.forEach(step => stepTest.call(this, state, step, rowData))\n  )\n  .then(() =>\n    resolveAndRunAfterHooks.call(this, scenario.tags, state.feature.name)\n  )\n  .then(() => state.onFinishScenario(scenario));",
              "err": {},
              "uuid": "ffe53385-80a4-4732-aad2-223db4660f3e",
              "parentUUID": "412634a3-96a0-4412-84a0-1454d25baf61",
              "isHook": false,
              "skipped": false
            },
            {
              "title": "Agent Telephone number can be set via Settings",
              "fullTitle": "Cloud on Demand checks - Agent Agent Telephone number can be set via Settings",
              "timedOut": null,
              "duration": 42601,
              "state": "passed",
              "speed": "slow",
              "pass": true,
              "fail": false,
              "pending": false,
              "context": null,
              "code": "const state = window.testState;\nreturn cy\n  .then(() => state.onStartScenario(scenario, indexedSteps))\n  .then(() =>\n    resolveAndRunBeforeHooks.call(this, scenario.tags, state.feature.name)\n  )\n  .then(() =>\n    indexedSteps.forEach(step => stepTest.call(this, state, step, rowData))\n  )\n  .then(() =>\n    resolveAndRunAfterHooks.call(this, scenario.tags, state.feature.name)\n  )\n  .then(() => state.onFinishScenario(scenario));",
              "err": {},
              "uuid": "99c6e4b1-9894-4b58-85ab-fe7d65c05b33",
              "parentUUID": "412634a3-96a0-4412-84a0-1454d25baf61",
              "isHook": false,
              "skipped": false
            },
            {
              "title": "Agent can navigate through Info tab, Call History tab, Call in Queue tab",
              "fullTitle": "Cloud on Demand checks - Agent Agent can navigate through Info tab, Call History tab, Call in Queue tab",
              "timedOut": null,
              "duration": 31428,
              "state": "passed",
              "speed": "slow",
              "pass": true,
              "fail": false,
              "pending": false,
              "context": null,
              "code": "const state = window.testState;\nreturn cy\n  .then(() => state.onStartScenario(scenario, indexedSteps))\n  .then(() =>\n    resolveAndRunBeforeHooks.call(this, scenario.tags, state.feature.name)\n  )\n  .then(() =>\n    indexedSteps.forEach(step => stepTest.call(this, state, step, rowData))\n  )\n  .then(() =>\n    resolveAndRunAfterHooks.call(this, scenario.tags, state.feature.name)\n  )\n  .then(() => state.onFinishScenario(scenario));",
              "err": {},
              "uuid": "98923e15-1ae4-4d0e-a2dc-3a4ff74cb3e1",
              "parentUUID": "412634a3-96a0-4412-84a0-1454d25baf61",
              "isHook": false,
              "skipped": false
            }
          ],
          "suites": [],
          "passes": [
            "ffe53385-80a4-4732-aad2-223db4660f3e",
            "99c6e4b1-9894-4b58-85ab-fe7d65c05b33",
            "98923e15-1ae4-4d0e-a2dc-3a4ff74cb3e1"
          ],
          "failures": [],
          "pending": [],
          "skipped": [],
          "duration": 118644,
          "root": false,
          "rootEmpty": false,
          "_timeout": 2000
        }
      ],
      "passes": [],
      "failures": [],
      "pending": [],
      "skipped": [],
      "duration": 0,
      "root": true,
      "rootEmpty": true,
      "_timeout": 2000
    }
  ],
  "meta": {
    "mocha": {
      "version": "7.2.0"
    },
    "mochawesome": {
      "options": {
        "quiet": false,
        "reportFilename": "mochawesome",
        "saveHtml": false,
        "saveJson": true,
        "consoleReporter": "spec",
        "useInlineDiffs": false,
        "code": true
      },
      "version": "6.1.1"
    },
    "marge": {
      "options": {
        "reportDir": "cypress/reports/separate-reports",
        "overwrite": false,
        "html": false,
        "json": true
      },
      "version": "5.1.0"
    }
  }
}