{
  "stats": {
    "suites": 2,
    "tests": 20,
    "passes": 20,
    "pending": 0,
    "failures": 0,
    "start": "2020-06-22T14:47:40.695Z",
    "end": "2020-06-22T14:47:40.695Z",
    "duration": 424770,
    "testsRegistered": 20,
    "passPercent": 100,
    "pendingPercent": 0,
    "other": 0,
    "hasOther": false,
    "skipped": 0,
    "hasSkipped": false
  },
  "results": [
    {
      "uuid": "79aacf21-1ea4-4280-8488-7e29fa1af9de",
      "title": "",
      "fullFile": "cypress\\integration\\CoDSupervisorChecks.feature",
      "file": "cypress\\integration\\CoDSupervisorChecks.feature",
      "beforeHooks": [],
      "afterHooks": [],
      "tests": [],
      "suites": [
        {
          "uuid": "479dc81a-567f-4ae2-9ce6-376ed61fcca2",
          "title": "Cloud on Demand checks - Supervisor",
          "fullFile": "",
          "file": "",
          "beforeHooks": [],
          "afterHooks": [],
          "tests": [
            {
              "title": "Verify if Portal Page loads with Portal Banner \"Ads\"",
              "fullTitle": "Cloud on Demand checks - Supervisor Verify if Portal Page loads with Portal Banner \"Ads\"",
              "timedOut": null,
              "duration": 25136,
              "state": "passed",
              "speed": "slow",
              "pass": true,
              "fail": false,
              "pending": false,
              "context": null,
              "code": "const state = window.testState;\nreturn cy\n  .then(() => state.onStartScenario(scenario, indexedSteps))\n  .then(() =>\n    resolveAndRunBeforeHooks.call(this, scenario.tags, state.feature.name)\n  )\n  .then(() =>\n    indexedSteps.forEach(step => stepTest.call(this, state, step, rowData))\n  )\n  .then(() =>\n    resolveAndRunAfterHooks.call(this, scenario.tags, state.feature.name)\n  )\n  .then(() => state.onFinishScenario(scenario));",
              "err": {},
              "uuid": "f1b925f7-3a4c-482a-9cc3-2b4d9885afd6",
              "parentUUID": "479dc81a-567f-4ae2-9ce6-376ed61fcca2",
              "isHook": false,
              "skipped": false
            },
            {
              "title": "As a Supervisor I have access to \"Skill Management\" (example #1)",
              "fullTitle": "Cloud on Demand checks - Supervisor As a Supervisor I have access to \"Skill Management\" (example #1)",
              "timedOut": null,
              "duration": 18072,
              "state": "passed",
              "speed": "slow",
              "pass": true,
              "fail": false,
              "pending": false,
              "context": null,
              "code": "const state = window.testState;\nreturn cy\n  .then(() => state.onStartScenario(scenario, indexedSteps))\n  .then(() =>\n    resolveAndRunBeforeHooks.call(this, scenario.tags, state.feature.name)\n  )\n  .then(() =>\n    indexedSteps.forEach(step => stepTest.call(this, state, step, rowData))\n  )\n  .then(() =>\n    resolveAndRunAfterHooks.call(this, scenario.tags, state.feature.name)\n  )\n  .then(() => state.onFinishScenario(scenario));",
              "err": {},
              "uuid": "d113f7d2-ff17-4feb-8b7e-530a13ab8bb7",
              "parentUUID": "479dc81a-567f-4ae2-9ce6-376ed61fcca2",
              "isHook": false,
              "skipped": false
            },
            {
              "title": "As a Supervisor I have access to \"Virtual Queue\" (example #2)",
              "fullTitle": "Cloud on Demand checks - Supervisor As a Supervisor I have access to \"Virtual Queue\" (example #2)",
              "timedOut": null,
              "duration": 12745,
              "state": "passed",
              "speed": "slow",
              "pass": true,
              "fail": false,
              "pending": false,
              "context": null,
              "code": "const state = window.testState;\nreturn cy\n  .then(() => state.onStartScenario(scenario, indexedSteps))\n  .then(() =>\n    resolveAndRunBeforeHooks.call(this, scenario.tags, state.feature.name)\n  )\n  .then(() =>\n    indexedSteps.forEach(step => stepTest.call(this, state, step, rowData))\n  )\n  .then(() =>\n    resolveAndRunAfterHooks.call(this, scenario.tags, state.feature.name)\n  )\n  .then(() => state.onFinishScenario(scenario));",
              "err": {},
              "uuid": "49b6d292-cd4d-4e53-8392-e64fad50a3d0",
              "parentUUID": "479dc81a-567f-4ae2-9ce6-376ed61fcca2",
              "isHook": false,
              "skipped": false
            },
            {
              "title": "As a Supervisor I have access to \"Dashboards\" (example #3)",
              "fullTitle": "Cloud on Demand checks - Supervisor As a Supervisor I have access to \"Dashboards\" (example #3)",
              "timedOut": null,
              "duration": 13492,
              "state": "passed",
              "speed": "slow",
              "pass": true,
              "fail": false,
              "pending": false,
              "context": null,
              "code": "const state = window.testState;\nreturn cy\n  .then(() => state.onStartScenario(scenario, indexedSteps))\n  .then(() =>\n    resolveAndRunBeforeHooks.call(this, scenario.tags, state.feature.name)\n  )\n  .then(() =>\n    indexedSteps.forEach(step => stepTest.call(this, state, step, rowData))\n  )\n  .then(() =>\n    resolveAndRunAfterHooks.call(this, scenario.tags, state.feature.name)\n  )\n  .then(() => state.onFinishScenario(scenario));",
              "err": {},
              "uuid": "53e9dce2-e854-4743-97d1-22171fe31606",
              "parentUUID": "479dc81a-567f-4ae2-9ce6-376ed61fcca2",
              "isHook": false,
              "skipped": false
            },
            {
              "title": "As a Supervisor I have access to \"Real Time\" (example #4)",
              "fullTitle": "Cloud on Demand checks - Supervisor As a Supervisor I have access to \"Real Time\" (example #4)",
              "timedOut": null,
              "duration": 22380,
              "state": "passed",
              "speed": "slow",
              "pass": true,
              "fail": false,
              "pending": false,
              "context": null,
              "code": "const state = window.testState;\nreturn cy\n  .then(() => state.onStartScenario(scenario, indexedSteps))\n  .then(() =>\n    resolveAndRunBeforeHooks.call(this, scenario.tags, state.feature.name)\n  )\n  .then(() =>\n    indexedSteps.forEach(step => stepTest.call(this, state, step, rowData))\n  )\n  .then(() =>\n    resolveAndRunAfterHooks.call(this, scenario.tags, state.feature.name)\n  )\n  .then(() => state.onFinishScenario(scenario));",
              "err": {},
              "uuid": "92fcff95-ea48-4f86-b0f7-2b29b019f0b7",
              "parentUUID": "479dc81a-567f-4ae2-9ce6-376ed61fcca2",
              "isHook": false,
              "skipped": false
            },
            {
              "title": "As a Supervisor I have access to \"Interaction Architect\" (example #5)",
              "fullTitle": "Cloud on Demand checks - Supervisor As a Supervisor I have access to \"Interaction Architect\" (example #5)",
              "timedOut": null,
              "duration": 22520,
              "state": "passed",
              "speed": "slow",
              "pass": true,
              "fail": false,
              "pending": false,
              "context": null,
              "code": "const state = window.testState;\nreturn cy\n  .then(() => state.onStartScenario(scenario, indexedSteps))\n  .then(() =>\n    resolveAndRunBeforeHooks.call(this, scenario.tags, state.feature.name)\n  )\n  .then(() =>\n    indexedSteps.forEach(step => stepTest.call(this, state, step, rowData))\n  )\n  .then(() =>\n    resolveAndRunAfterHooks.call(this, scenario.tags, state.feature.name)\n  )\n  .then(() => state.onFinishScenario(scenario));",
              "err": {},
              "uuid": "d5557b53-7b3b-4ee7-b47e-6d56bc46681f",
              "parentUUID": "479dc81a-567f-4ae2-9ce6-376ed61fcca2",
              "isHook": false,
              "skipped": false
            },
            {
              "title": "As a Supervisor I have access to \"Interaction Plan Management\" (example #6)",
              "fullTitle": "Cloud on Demand checks - Supervisor As a Supervisor I have access to \"Interaction Plan Management\" (example #6)",
              "timedOut": null,
              "duration": 13625,
              "state": "passed",
              "speed": "slow",
              "pass": true,
              "fail": false,
              "pending": false,
              "context": null,
              "code": "const state = window.testState;\nreturn cy\n  .then(() => state.onStartScenario(scenario, indexedSteps))\n  .then(() =>\n    resolveAndRunBeforeHooks.call(this, scenario.tags, state.feature.name)\n  )\n  .then(() =>\n    indexedSteps.forEach(step => stepTest.call(this, state, step, rowData))\n  )\n  .then(() =>\n    resolveAndRunAfterHooks.call(this, scenario.tags, state.feature.name)\n  )\n  .then(() => state.onFinishScenario(scenario));",
              "err": {},
              "uuid": "6308e508-0348-41e2-85af-47bae32eb3b2",
              "parentUUID": "479dc81a-567f-4ae2-9ce6-376ed61fcca2",
              "isHook": false,
              "skipped": false
            },
            {
              "title": "As a Supervisor I have access to \"Stats and Reports\" (example #7)",
              "fullTitle": "Cloud on Demand checks - Supervisor As a Supervisor I have access to \"Stats and Reports\" (example #7)",
              "timedOut": null,
              "duration": 19411,
              "state": "passed",
              "speed": "slow",
              "pass": true,
              "fail": false,
              "pending": false,
              "context": null,
              "code": "const state = window.testState;\nreturn cy\n  .then(() => state.onStartScenario(scenario, indexedSteps))\n  .then(() =>\n    resolveAndRunBeforeHooks.call(this, scenario.tags, state.feature.name)\n  )\n  .then(() =>\n    indexedSteps.forEach(step => stepTest.call(this, state, step, rowData))\n  )\n  .then(() =>\n    resolveAndRunAfterHooks.call(this, scenario.tags, state.feature.name)\n  )\n  .then(() => state.onFinishScenario(scenario));",
              "err": {},
              "uuid": "f3aa3d26-e2e6-4e29-8258-fae451d98769",
              "parentUUID": "479dc81a-567f-4ae2-9ce6-376ed61fcca2",
              "isHook": false,
              "skipped": false
            },
            {
              "title": "As a Supervisor I have access to \"IVR Data Collector\" (example #8)",
              "fullTitle": "Cloud on Demand checks - Supervisor As a Supervisor I have access to \"IVR Data Collector\" (example #8)",
              "timedOut": null,
              "duration": 23355,
              "state": "passed",
              "speed": "slow",
              "pass": true,
              "fail": false,
              "pending": false,
              "context": null,
              "code": "const state = window.testState;\nreturn cy\n  .then(() => state.onStartScenario(scenario, indexedSteps))\n  .then(() =>\n    resolveAndRunBeforeHooks.call(this, scenario.tags, state.feature.name)\n  )\n  .then(() =>\n    indexedSteps.forEach(step => stepTest.call(this, state, step, rowData))\n  )\n  .then(() =>\n    resolveAndRunAfterHooks.call(this, scenario.tags, state.feature.name)\n  )\n  .then(() => state.onFinishScenario(scenario));",
              "err": {},
              "uuid": "01fa63e5-74a4-4489-b6a3-c10bdcf61989",
              "parentUUID": "479dc81a-567f-4ae2-9ce6-376ed61fcca2",
              "isHook": false,
              "skipped": false
            },
            {
              "title": "As a Supervisor I have access to \"Call Recordings\" (example #9)",
              "fullTitle": "Cloud on Demand checks - Supervisor As a Supervisor I have access to \"Call Recordings\" (example #9)",
              "timedOut": null,
              "duration": 22539,
              "state": "passed",
              "speed": "slow",
              "pass": true,
              "fail": false,
              "pending": false,
              "context": null,
              "code": "const state = window.testState;\nreturn cy\n  .then(() => state.onStartScenario(scenario, indexedSteps))\n  .then(() =>\n    resolveAndRunBeforeHooks.call(this, scenario.tags, state.feature.name)\n  )\n  .then(() =>\n    indexedSteps.forEach(step => stepTest.call(this, state, step, rowData))\n  )\n  .then(() =>\n    resolveAndRunAfterHooks.call(this, scenario.tags, state.feature.name)\n  )\n  .then(() => state.onFinishScenario(scenario));",
              "err": {},
              "uuid": "6c20b467-5487-460a-8d09-1dae575c6db1",
              "parentUUID": "479dc81a-567f-4ae2-9ce6-376ed61fcca2",
              "isHook": false,
              "skipped": false
            },
            {
              "title": "As a Supervisor I have access to \"System Audit\" (example #10)",
              "fullTitle": "Cloud on Demand checks - Supervisor As a Supervisor I have access to \"System Audit\" (example #10)",
              "timedOut": null,
              "duration": 14929,
              "state": "passed",
              "speed": "slow",
              "pass": true,
              "fail": false,
              "pending": false,
              "context": null,
              "code": "const state = window.testState;\nreturn cy\n  .then(() => state.onStartScenario(scenario, indexedSteps))\n  .then(() =>\n    resolveAndRunBeforeHooks.call(this, scenario.tags, state.feature.name)\n  )\n  .then(() =>\n    indexedSteps.forEach(step => stepTest.call(this, state, step, rowData))\n  )\n  .then(() =>\n    resolveAndRunAfterHooks.call(this, scenario.tags, state.feature.name)\n  )\n  .then(() => state.onFinishScenario(scenario));",
              "err": {},
              "uuid": "1fb1fa35-b7de-4d24-8038-93e0de8ce7fa",
              "parentUUID": "479dc81a-567f-4ae2-9ce6-376ed61fcca2",
              "isHook": false,
              "skipped": false
            },
            {
              "title": "As a Supervisor I have access to \"System Settings\" (example #11)",
              "fullTitle": "Cloud on Demand checks - Supervisor As a Supervisor I have access to \"System Settings\" (example #11)",
              "timedOut": null,
              "duration": 21985,
              "state": "passed",
              "speed": "slow",
              "pass": true,
              "fail": false,
              "pending": false,
              "context": null,
              "code": "const state = window.testState;\nreturn cy\n  .then(() => state.onStartScenario(scenario, indexedSteps))\n  .then(() =>\n    resolveAndRunBeforeHooks.call(this, scenario.tags, state.feature.name)\n  )\n  .then(() =>\n    indexedSteps.forEach(step => stepTest.call(this, state, step, rowData))\n  )\n  .then(() =>\n    resolveAndRunAfterHooks.call(this, scenario.tags, state.feature.name)\n  )\n  .then(() => state.onFinishScenario(scenario));",
              "err": {},
              "uuid": "9e42fe93-dad1-411d-8460-f416deb495e4",
              "parentUUID": "479dc81a-567f-4ae2-9ce6-376ed61fcca2",
              "isHook": false,
              "skipped": false
            },
            {
              "title": "As a Supervisor I have access to \"User Admin\" (example #12)",
              "fullTitle": "Cloud on Demand checks - Supervisor As a Supervisor I have access to \"User Admin\" (example #12)",
              "timedOut": null,
              "duration": 19316,
              "state": "passed",
              "speed": "slow",
              "pass": true,
              "fail": false,
              "pending": false,
              "context": null,
              "code": "const state = window.testState;\nreturn cy\n  .then(() => state.onStartScenario(scenario, indexedSteps))\n  .then(() =>\n    resolveAndRunBeforeHooks.call(this, scenario.tags, state.feature.name)\n  )\n  .then(() =>\n    indexedSteps.forEach(step => stepTest.call(this, state, step, rowData))\n  )\n  .then(() =>\n    resolveAndRunAfterHooks.call(this, scenario.tags, state.feature.name)\n  )\n  .then(() => state.onFinishScenario(scenario));",
              "err": {},
              "uuid": "27e3f997-f2dc-4558-9274-6f0a4eb0954f",
              "parentUUID": "479dc81a-567f-4ae2-9ce6-376ed61fcca2",
              "isHook": false,
              "skipped": false
            },
            {
              "title": "As a Supervisor I have access to \"User Access\" (example #13)",
              "fullTitle": "Cloud on Demand checks - Supervisor As a Supervisor I have access to \"User Access\" (example #13)",
              "timedOut": null,
              "duration": 15842,
              "state": "passed",
              "speed": "slow",
              "pass": true,
              "fail": false,
              "pending": false,
              "context": null,
              "code": "const state = window.testState;\nreturn cy\n  .then(() => state.onStartScenario(scenario, indexedSteps))\n  .then(() =>\n    resolveAndRunBeforeHooks.call(this, scenario.tags, state.feature.name)\n  )\n  .then(() =>\n    indexedSteps.forEach(step => stepTest.call(this, state, step, rowData))\n  )\n  .then(() =>\n    resolveAndRunAfterHooks.call(this, scenario.tags, state.feature.name)\n  )\n  .then(() => state.onFinishScenario(scenario));",
              "err": {},
              "uuid": "afb57c80-cedb-4a50-a17f-2a2a5fcac5a2",
              "parentUUID": "479dc81a-567f-4ae2-9ce6-376ed61fcca2",
              "isHook": false,
              "skipped": false
            },
            {
              "title": "As a Supervisor I have access to \"API Admin\" (example #14)",
              "fullTitle": "Cloud on Demand checks - Supervisor As a Supervisor I have access to \"API Admin\" (example #14)",
              "timedOut": null,
              "duration": 14336,
              "state": "passed",
              "speed": "slow",
              "pass": true,
              "fail": false,
              "pending": false,
              "context": null,
              "code": "const state = window.testState;\nreturn cy\n  .then(() => state.onStartScenario(scenario, indexedSteps))\n  .then(() =>\n    resolveAndRunBeforeHooks.call(this, scenario.tags, state.feature.name)\n  )\n  .then(() =>\n    indexedSteps.forEach(step => stepTest.call(this, state, step, rowData))\n  )\n  .then(() =>\n    resolveAndRunAfterHooks.call(this, scenario.tags, state.feature.name)\n  )\n  .then(() => state.onFinishScenario(scenario));",
              "err": {},
              "uuid": "dbd43c1e-2af5-4f9b-a22c-6efefaa71243",
              "parentUUID": "479dc81a-567f-4ae2-9ce6-376ed61fcca2",
              "isHook": false,
              "skipped": false
            },
            {
              "title": "As a Supervisor I have access to \"Salesforce Administration\" (example #15)",
              "fullTitle": "Cloud on Demand checks - Supervisor As a Supervisor I have access to \"Salesforce Administration\" (example #15)",
              "timedOut": null,
              "duration": 15587,
              "state": "passed",
              "speed": "slow",
              "pass": true,
              "fail": false,
              "pending": false,
              "context": null,
              "code": "const state = window.testState;\nreturn cy\n  .then(() => state.onStartScenario(scenario, indexedSteps))\n  .then(() =>\n    resolveAndRunBeforeHooks.call(this, scenario.tags, state.feature.name)\n  )\n  .then(() =>\n    indexedSteps.forEach(step => stepTest.call(this, state, step, rowData))\n  )\n  .then(() =>\n    resolveAndRunAfterHooks.call(this, scenario.tags, state.feature.name)\n  )\n  .then(() => state.onFinishScenario(scenario));",
              "err": {},
              "uuid": "3c04403a-8c93-4e53-9d5b-c71a1f047f6f",
              "parentUUID": "479dc81a-567f-4ae2-9ce6-376ed61fcca2",
              "isHook": false,
              "skipped": false
            },
            {
              "title": "As a Supervisor I have access to \"Cadence\" (example #16)",
              "fullTitle": "Cloud on Demand checks - Supervisor As a Supervisor I have access to \"Cadence\" (example #16)",
              "timedOut": null,
              "duration": 18305,
              "state": "passed",
              "speed": "slow",
              "pass": true,
              "fail": false,
              "pending": false,
              "context": null,
              "code": "const state = window.testState;\nreturn cy\n  .then(() => state.onStartScenario(scenario, indexedSteps))\n  .then(() =>\n    resolveAndRunBeforeHooks.call(this, scenario.tags, state.feature.name)\n  )\n  .then(() =>\n    indexedSteps.forEach(step => stepTest.call(this, state, step, rowData))\n  )\n  .then(() =>\n    resolveAndRunAfterHooks.call(this, scenario.tags, state.feature.name)\n  )\n  .then(() => state.onFinishScenario(scenario));",
              "err": {},
              "uuid": "fc79ce16-3e94-4a7e-973f-b2f9b2f1add7",
              "parentUUID": "479dc81a-567f-4ae2-9ce6-376ed61fcca2",
              "isHook": false,
              "skipped": false
            }
          ],
          "suites": [],
          "passes": [
            "f1b925f7-3a4c-482a-9cc3-2b4d9885afd6",
            "d113f7d2-ff17-4feb-8b7e-530a13ab8bb7",
            "49b6d292-cd4d-4e53-8392-e64fad50a3d0",
            "53e9dce2-e854-4743-97d1-22171fe31606",
            "92fcff95-ea48-4f86-b0f7-2b29b019f0b7",
            "d5557b53-7b3b-4ee7-b47e-6d56bc46681f",
            "6308e508-0348-41e2-85af-47bae32eb3b2",
            "f3aa3d26-e2e6-4e29-8258-fae451d98769",
            "01fa63e5-74a4-4489-b6a3-c10bdcf61989",
            "6c20b467-5487-460a-8d09-1dae575c6db1",
            "1fb1fa35-b7de-4d24-8038-93e0de8ce7fa",
            "9e42fe93-dad1-411d-8460-f416deb495e4",
            "27e3f997-f2dc-4558-9274-6f0a4eb0954f",
            "afb57c80-cedb-4a50-a17f-2a2a5fcac5a2",
            "dbd43c1e-2af5-4f9b-a22c-6efefaa71243",
            "3c04403a-8c93-4e53-9d5b-c71a1f047f6f",
            "fc79ce16-3e94-4a7e-973f-b2f9b2f1add7"
          ],
          "failures": [],
          "pending": [],
          "skipped": [],
          "duration": 313575,
          "root": false,
          "rootEmpty": false,
          "_timeout": 2000
        }
      ],
      "passes": [],
      "failures": [],
      "pending": [],
      "skipped": [],
      "duration": 0,
      "root": true,
      "rootEmpty": true,
      "_timeout": 2000
    },
    {
      "uuid": "2625aff0-0d10-4e96-ba9b-d62b49eb5eb0",
      "title": "",
      "fullFile": "cypress\\integration\\CoDAgentChecks.feature",
      "file": "cypress\\integration\\CoDAgentChecks.feature",
      "beforeHooks": [],
      "afterHooks": [],
      "tests": [],
      "suites": [
        {
          "uuid": "63a38812-1b12-445b-a8cc-eed6c44f2d33",
          "title": "Cloud on Demand checks - Agent",
          "fullFile": "",
          "file": "",
          "beforeHooks": [],
          "afterHooks": [],
          "tests": [
            {
              "title": "Agent presence can be change from Ready to Away & Away to Ready",
              "fullTitle": "Cloud on Demand checks - Agent Agent presence can be change from Ready to Away & Away to Ready",
              "timedOut": null,
              "duration": 47345,
              "state": "passed",
              "speed": "slow",
              "pass": true,
              "fail": false,
              "pending": false,
              "context": null,
              "code": "const state = window.testState;\nreturn cy\n  .then(() => state.onStartScenario(scenario, indexedSteps))\n  .then(() =>\n    resolveAndRunBeforeHooks.call(this, scenario.tags, state.feature.name)\n  )\n  .then(() =>\n    indexedSteps.forEach(step => stepTest.call(this, state, step, rowData))\n  )\n  .then(() =>\n    resolveAndRunAfterHooks.call(this, scenario.tags, state.feature.name)\n  )\n  .then(() => state.onFinishScenario(scenario));",
              "err": {},
              "uuid": "3319deb1-8abb-45c2-9b03-a4e5272820b1",
              "parentUUID": "63a38812-1b12-445b-a8cc-eed6c44f2d33",
              "isHook": false,
              "skipped": false
            },
            {
              "title": "Agent Telephone number can be set via Settings",
              "fullTitle": "Cloud on Demand checks - Agent Agent Telephone number can be set via Settings",
              "timedOut": null,
              "duration": 32332,
              "state": "passed",
              "speed": "slow",
              "pass": true,
              "fail": false,
              "pending": false,
              "context": null,
              "code": "const state = window.testState;\nreturn cy\n  .then(() => state.onStartScenario(scenario, indexedSteps))\n  .then(() =>\n    resolveAndRunBeforeHooks.call(this, scenario.tags, state.feature.name)\n  )\n  .then(() =>\n    indexedSteps.forEach(step => stepTest.call(this, state, step, rowData))\n  )\n  .then(() =>\n    resolveAndRunAfterHooks.call(this, scenario.tags, state.feature.name)\n  )\n  .then(() => state.onFinishScenario(scenario));",
              "err": {},
              "uuid": "9f812d00-c301-40be-bab7-8a859574dd15",
              "parentUUID": "63a38812-1b12-445b-a8cc-eed6c44f2d33",
              "isHook": false,
              "skipped": false
            },
            {
              "title": "Agent can navigate through Info tab, Call History tab, Call in Queue tab",
              "fullTitle": "Cloud on Demand checks - Agent Agent can navigate through Info tab, Call History tab, Call in Queue tab",
              "timedOut": null,
              "duration": 31518,
              "state": "passed",
              "speed": "slow",
              "pass": true,
              "fail": false,
              "pending": false,
              "context": null,
              "code": "const state = window.testState;\nreturn cy\n  .then(() => state.onStartScenario(scenario, indexedSteps))\n  .then(() =>\n    resolveAndRunBeforeHooks.call(this, scenario.tags, state.feature.name)\n  )\n  .then(() =>\n    indexedSteps.forEach(step => stepTest.call(this, state, step, rowData))\n  )\n  .then(() =>\n    resolveAndRunAfterHooks.call(this, scenario.tags, state.feature.name)\n  )\n  .then(() => state.onFinishScenario(scenario));",
              "err": {},
              "uuid": "19c403c9-51c8-4bc9-8b15-54f9d55d2ff3",
              "parentUUID": "63a38812-1b12-445b-a8cc-eed6c44f2d33",
              "isHook": false,
              "skipped": false
            }
          ],
          "suites": [],
          "passes": [
            "3319deb1-8abb-45c2-9b03-a4e5272820b1",
            "9f812d00-c301-40be-bab7-8a859574dd15",
            "19c403c9-51c8-4bc9-8b15-54f9d55d2ff3"
          ],
          "failures": [],
          "pending": [],
          "skipped": [],
          "duration": 111195,
          "root": false,
          "rootEmpty": false,
          "_timeout": 2000
        }
      ],
      "passes": [],
      "failures": [],
      "pending": [],
      "skipped": [],
      "duration": 0,
      "root": true,
      "rootEmpty": true,
      "_timeout": 2000
    }
  ],
  "meta": {
    "mocha": {
      "version": "7.2.0"
    },
    "mochawesome": {
      "options": {
        "quiet": false,
        "reportFilename": "mochawesome",
        "saveHtml": false,
        "saveJson": true,
        "consoleReporter": "spec",
        "useInlineDiffs": false,
        "code": true
      },
      "version": "6.1.1"
    },
    "marge": {
      "options": {
        "reportDir": "cypress/reports/separate-reports",
        "overwrite": false,
        "html": false,
        "json": true
      },
      "version": "5.1.0"
    }
  }
}