{
  "stats": {
    "suites": 2,
    "tests": 20,
    "passes": 20,
    "pending": 0,
    "failures": 0,
    "start": "2020-06-18T22:46:14.896Z",
    "end": "2020-06-18T22:46:14.896Z",
    "duration": 407875,
    "testsRegistered": 20,
    "passPercent": 100,
    "pendingPercent": 0,
    "other": 0,
    "hasOther": false,
    "skipped": 0,
    "hasSkipped": false
  },
  "results": [
    {
      "uuid": "0b608c4c-d1e4-4c9b-8817-a614d5a4e2c3",
      "title": "",
      "fullFile": "cypress\\integration\\CoDSupervisorChecks.feature",
      "file": "cypress\\integration\\CoDSupervisorChecks.feature",
      "beforeHooks": [],
      "afterHooks": [],
      "tests": [],
      "suites": [
        {
          "uuid": "b887f717-cf02-4fa4-ba6e-65647473e68d",
          "title": "Cloud on Demand checks - Supervisor",
          "fullFile": "",
          "file": "",
          "beforeHooks": [],
          "afterHooks": [],
          "tests": [
            {
              "title": "Verify if Portal Page loads with Portal Banner \"Ads\"",
              "fullTitle": "Cloud on Demand checks - Supervisor Verify if Portal Page loads with Portal Banner \"Ads\"",
              "timedOut": null,
              "duration": 19783,
              "state": "passed",
              "speed": "slow",
              "pass": true,
              "fail": false,
              "pending": false,
              "context": null,
              "code": "const state = window.testState;\nreturn cy\n  .then(() => state.onStartScenario(scenario, indexedSteps))\n  .then(() =>\n    resolveAndRunBeforeHooks.call(this, scenario.tags, state.feature.name)\n  )\n  .then(() =>\n    indexedSteps.forEach(step => stepTest.call(this, state, step, rowData))\n  )\n  .then(() =>\n    resolveAndRunAfterHooks.call(this, scenario.tags, state.feature.name)\n  )\n  .then(() => state.onFinishScenario(scenario));",
              "err": {},
              "uuid": "f938e25f-e874-4846-aef4-47086cbb0147",
              "parentUUID": "b887f717-cf02-4fa4-ba6e-65647473e68d",
              "isHook": false,
              "skipped": false
            },
            {
              "title": "As a Supervisor I have access to \"Skill Management\" (example #1)",
              "fullTitle": "Cloud on Demand checks - Supervisor As a Supervisor I have access to \"Skill Management\" (example #1)",
              "timedOut": null,
              "duration": 21891,
              "state": "passed",
              "speed": "slow",
              "pass": true,
              "fail": false,
              "pending": false,
              "context": null,
              "code": "const state = window.testState;\nreturn cy\n  .then(() => state.onStartScenario(scenario, indexedSteps))\n  .then(() =>\n    resolveAndRunBeforeHooks.call(this, scenario.tags, state.feature.name)\n  )\n  .then(() =>\n    indexedSteps.forEach(step => stepTest.call(this, state, step, rowData))\n  )\n  .then(() =>\n    resolveAndRunAfterHooks.call(this, scenario.tags, state.feature.name)\n  )\n  .then(() => state.onFinishScenario(scenario));",
              "err": {},
              "uuid": "850c6707-5478-4746-9ae4-3c3bb0afa3f6",
              "parentUUID": "b887f717-cf02-4fa4-ba6e-65647473e68d",
              "isHook": false,
              "skipped": false
            },
            {
              "title": "As a Supervisor I have access to \"Virtual Queue\" (example #2)",
              "fullTitle": "Cloud on Demand checks - Supervisor As a Supervisor I have access to \"Virtual Queue\" (example #2)",
              "timedOut": null,
              "duration": 14280,
              "state": "passed",
              "speed": "slow",
              "pass": true,
              "fail": false,
              "pending": false,
              "context": null,
              "code": "const state = window.testState;\nreturn cy\n  .then(() => state.onStartScenario(scenario, indexedSteps))\n  .then(() =>\n    resolveAndRunBeforeHooks.call(this, scenario.tags, state.feature.name)\n  )\n  .then(() =>\n    indexedSteps.forEach(step => stepTest.call(this, state, step, rowData))\n  )\n  .then(() =>\n    resolveAndRunAfterHooks.call(this, scenario.tags, state.feature.name)\n  )\n  .then(() => state.onFinishScenario(scenario));",
              "err": {},
              "uuid": "dee3e7d1-4a2a-4f75-a16d-2a14dbc88746",
              "parentUUID": "b887f717-cf02-4fa4-ba6e-65647473e68d",
              "isHook": false,
              "skipped": false
            },
            {
              "title": "As a Supervisor I have access to \"Dashboards\" (example #3)",
              "fullTitle": "Cloud on Demand checks - Supervisor As a Supervisor I have access to \"Dashboards\" (example #3)",
              "timedOut": null,
              "duration": 20698,
              "state": "passed",
              "speed": "slow",
              "pass": true,
              "fail": false,
              "pending": false,
              "context": null,
              "code": "const state = window.testState;\nreturn cy\n  .then(() => state.onStartScenario(scenario, indexedSteps))\n  .then(() =>\n    resolveAndRunBeforeHooks.call(this, scenario.tags, state.feature.name)\n  )\n  .then(() =>\n    indexedSteps.forEach(step => stepTest.call(this, state, step, rowData))\n  )\n  .then(() =>\n    resolveAndRunAfterHooks.call(this, scenario.tags, state.feature.name)\n  )\n  .then(() => state.onFinishScenario(scenario));",
              "err": {},
              "uuid": "831f2515-bd89-4628-8d41-5e9e4581e5d2",
              "parentUUID": "b887f717-cf02-4fa4-ba6e-65647473e68d",
              "isHook": false,
              "skipped": false
            },
            {
              "title": "As a Supervisor I have access to \"Real Time\" (example #4)",
              "fullTitle": "Cloud on Demand checks - Supervisor As a Supervisor I have access to \"Real Time\" (example #4)",
              "timedOut": null,
              "duration": 24248,
              "state": "passed",
              "speed": "slow",
              "pass": true,
              "fail": false,
              "pending": false,
              "context": null,
              "code": "const state = window.testState;\nreturn cy\n  .then(() => state.onStartScenario(scenario, indexedSteps))\n  .then(() =>\n    resolveAndRunBeforeHooks.call(this, scenario.tags, state.feature.name)\n  )\n  .then(() =>\n    indexedSteps.forEach(step => stepTest.call(this, state, step, rowData))\n  )\n  .then(() =>\n    resolveAndRunAfterHooks.call(this, scenario.tags, state.feature.name)\n  )\n  .then(() => state.onFinishScenario(scenario));",
              "err": {},
              "uuid": "694b43e6-b2d8-4ca8-b745-945529708a23",
              "parentUUID": "b887f717-cf02-4fa4-ba6e-65647473e68d",
              "isHook": false,
              "skipped": false
            },
            {
              "title": "As a Supervisor I have access to \"Interaction Architect\" (example #5)",
              "fullTitle": "Cloud on Demand checks - Supervisor As a Supervisor I have access to \"Interaction Architect\" (example #5)",
              "timedOut": null,
              "duration": 20002,
              "state": "passed",
              "speed": "slow",
              "pass": true,
              "fail": false,
              "pending": false,
              "context": null,
              "code": "const state = window.testState;\nreturn cy\n  .then(() => state.onStartScenario(scenario, indexedSteps))\n  .then(() =>\n    resolveAndRunBeforeHooks.call(this, scenario.tags, state.feature.name)\n  )\n  .then(() =>\n    indexedSteps.forEach(step => stepTest.call(this, state, step, rowData))\n  )\n  .then(() =>\n    resolveAndRunAfterHooks.call(this, scenario.tags, state.feature.name)\n  )\n  .then(() => state.onFinishScenario(scenario));",
              "err": {},
              "uuid": "abc4e907-6d66-4003-bf18-33b947609f6f",
              "parentUUID": "b887f717-cf02-4fa4-ba6e-65647473e68d",
              "isHook": false,
              "skipped": false
            },
            {
              "title": "As a Supervisor I have access to \"Interaction Plan Management\" (example #6)",
              "fullTitle": "Cloud on Demand checks - Supervisor As a Supervisor I have access to \"Interaction Plan Management\" (example #6)",
              "timedOut": null,
              "duration": 13006,
              "state": "passed",
              "speed": "slow",
              "pass": true,
              "fail": false,
              "pending": false,
              "context": null,
              "code": "const state = window.testState;\nreturn cy\n  .then(() => state.onStartScenario(scenario, indexedSteps))\n  .then(() =>\n    resolveAndRunBeforeHooks.call(this, scenario.tags, state.feature.name)\n  )\n  .then(() =>\n    indexedSteps.forEach(step => stepTest.call(this, state, step, rowData))\n  )\n  .then(() =>\n    resolveAndRunAfterHooks.call(this, scenario.tags, state.feature.name)\n  )\n  .then(() => state.onFinishScenario(scenario));",
              "err": {},
              "uuid": "50cda6ac-02d3-4329-bfd8-7823d22584e2",
              "parentUUID": "b887f717-cf02-4fa4-ba6e-65647473e68d",
              "isHook": false,
              "skipped": false
            },
            {
              "title": "As a Supervisor I have access to \"Stats and Reports\" (example #7)",
              "fullTitle": "Cloud on Demand checks - Supervisor As a Supervisor I have access to \"Stats and Reports\" (example #7)",
              "timedOut": null,
              "duration": 18110,
              "state": "passed",
              "speed": "slow",
              "pass": true,
              "fail": false,
              "pending": false,
              "context": null,
              "code": "const state = window.testState;\nreturn cy\n  .then(() => state.onStartScenario(scenario, indexedSteps))\n  .then(() =>\n    resolveAndRunBeforeHooks.call(this, scenario.tags, state.feature.name)\n  )\n  .then(() =>\n    indexedSteps.forEach(step => stepTest.call(this, state, step, rowData))\n  )\n  .then(() =>\n    resolveAndRunAfterHooks.call(this, scenario.tags, state.feature.name)\n  )\n  .then(() => state.onFinishScenario(scenario));",
              "err": {},
              "uuid": "33157799-cfdb-4ff0-a9af-da8894ff9158",
              "parentUUID": "b887f717-cf02-4fa4-ba6e-65647473e68d",
              "isHook": false,
              "skipped": false
            },
            {
              "title": "As a Supervisor I have access to \"IVR Data Collector\" (example #8)",
              "fullTitle": "Cloud on Demand checks - Supervisor As a Supervisor I have access to \"IVR Data Collector\" (example #8)",
              "timedOut": null,
              "duration": 20356,
              "state": "passed",
              "speed": "slow",
              "pass": true,
              "fail": false,
              "pending": false,
              "context": null,
              "code": "const state = window.testState;\nreturn cy\n  .then(() => state.onStartScenario(scenario, indexedSteps))\n  .then(() =>\n    resolveAndRunBeforeHooks.call(this, scenario.tags, state.feature.name)\n  )\n  .then(() =>\n    indexedSteps.forEach(step => stepTest.call(this, state, step, rowData))\n  )\n  .then(() =>\n    resolveAndRunAfterHooks.call(this, scenario.tags, state.feature.name)\n  )\n  .then(() => state.onFinishScenario(scenario));",
              "err": {},
              "uuid": "45a7da99-a9f3-49d1-b76b-f077b9beba38",
              "parentUUID": "b887f717-cf02-4fa4-ba6e-65647473e68d",
              "isHook": false,
              "skipped": false
            },
            {
              "title": "As a Supervisor I have access to \"Call Recordings\" (example #9)",
              "fullTitle": "Cloud on Demand checks - Supervisor As a Supervisor I have access to \"Call Recordings\" (example #9)",
              "timedOut": null,
              "duration": 16503,
              "state": "passed",
              "speed": "slow",
              "pass": true,
              "fail": false,
              "pending": false,
              "context": null,
              "code": "const state = window.testState;\nreturn cy\n  .then(() => state.onStartScenario(scenario, indexedSteps))\n  .then(() =>\n    resolveAndRunBeforeHooks.call(this, scenario.tags, state.feature.name)\n  )\n  .then(() =>\n    indexedSteps.forEach(step => stepTest.call(this, state, step, rowData))\n  )\n  .then(() =>\n    resolveAndRunAfterHooks.call(this, scenario.tags, state.feature.name)\n  )\n  .then(() => state.onFinishScenario(scenario));",
              "err": {},
              "uuid": "f4ed844c-297f-46f8-b827-7e5b6011ef5b",
              "parentUUID": "b887f717-cf02-4fa4-ba6e-65647473e68d",
              "isHook": false,
              "skipped": false
            },
            {
              "title": "As a Supervisor I have access to \"System Audit\" (example #10)",
              "fullTitle": "Cloud on Demand checks - Supervisor As a Supervisor I have access to \"System Audit\" (example #10)",
              "timedOut": null,
              "duration": 15799,
              "state": "passed",
              "speed": "slow",
              "pass": true,
              "fail": false,
              "pending": false,
              "context": null,
              "code": "const state = window.testState;\nreturn cy\n  .then(() => state.onStartScenario(scenario, indexedSteps))\n  .then(() =>\n    resolveAndRunBeforeHooks.call(this, scenario.tags, state.feature.name)\n  )\n  .then(() =>\n    indexedSteps.forEach(step => stepTest.call(this, state, step, rowData))\n  )\n  .then(() =>\n    resolveAndRunAfterHooks.call(this, scenario.tags, state.feature.name)\n  )\n  .then(() => state.onFinishScenario(scenario));",
              "err": {},
              "uuid": "edd02be7-5078-4b10-a115-f67a48862040",
              "parentUUID": "b887f717-cf02-4fa4-ba6e-65647473e68d",
              "isHook": false,
              "skipped": false
            },
            {
              "title": "As a Supervisor I have access to \"System Settings\" (example #11)",
              "fullTitle": "Cloud on Demand checks - Supervisor As a Supervisor I have access to \"System Settings\" (example #11)",
              "timedOut": null,
              "duration": 19571,
              "state": "passed",
              "speed": "slow",
              "pass": true,
              "fail": false,
              "pending": false,
              "context": null,
              "code": "const state = window.testState;\nreturn cy\n  .then(() => state.onStartScenario(scenario, indexedSteps))\n  .then(() =>\n    resolveAndRunBeforeHooks.call(this, scenario.tags, state.feature.name)\n  )\n  .then(() =>\n    indexedSteps.forEach(step => stepTest.call(this, state, step, rowData))\n  )\n  .then(() =>\n    resolveAndRunAfterHooks.call(this, scenario.tags, state.feature.name)\n  )\n  .then(() => state.onFinishScenario(scenario));",
              "err": {},
              "uuid": "6d42e93a-d30c-4406-b62e-a411c6a4fc07",
              "parentUUID": "b887f717-cf02-4fa4-ba6e-65647473e68d",
              "isHook": false,
              "skipped": false
            },
            {
              "title": "As a Supervisor I have access to \"User Admin\" (example #12)",
              "fullTitle": "Cloud on Demand checks - Supervisor As a Supervisor I have access to \"User Admin\" (example #12)",
              "timedOut": null,
              "duration": 13813,
              "state": "passed",
              "speed": "slow",
              "pass": true,
              "fail": false,
              "pending": false,
              "context": null,
              "code": "const state = window.testState;\nreturn cy\n  .then(() => state.onStartScenario(scenario, indexedSteps))\n  .then(() =>\n    resolveAndRunBeforeHooks.call(this, scenario.tags, state.feature.name)\n  )\n  .then(() =>\n    indexedSteps.forEach(step => stepTest.call(this, state, step, rowData))\n  )\n  .then(() =>\n    resolveAndRunAfterHooks.call(this, scenario.tags, state.feature.name)\n  )\n  .then(() => state.onFinishScenario(scenario));",
              "err": {},
              "uuid": "39e3ce6e-8c11-4919-b37b-e9c940138658",
              "parentUUID": "b887f717-cf02-4fa4-ba6e-65647473e68d",
              "isHook": false,
              "skipped": false
            },
            {
              "title": "As a Supervisor I have access to \"User Access\" (example #13)",
              "fullTitle": "Cloud on Demand checks - Supervisor As a Supervisor I have access to \"User Access\" (example #13)",
              "timedOut": null,
              "duration": 15053,
              "state": "passed",
              "speed": "slow",
              "pass": true,
              "fail": false,
              "pending": false,
              "context": null,
              "code": "const state = window.testState;\nreturn cy\n  .then(() => state.onStartScenario(scenario, indexedSteps))\n  .then(() =>\n    resolveAndRunBeforeHooks.call(this, scenario.tags, state.feature.name)\n  )\n  .then(() =>\n    indexedSteps.forEach(step => stepTest.call(this, state, step, rowData))\n  )\n  .then(() =>\n    resolveAndRunAfterHooks.call(this, scenario.tags, state.feature.name)\n  )\n  .then(() => state.onFinishScenario(scenario));",
              "err": {},
              "uuid": "af6e7eea-fe12-4b20-bed1-99dd5d0c8145",
              "parentUUID": "b887f717-cf02-4fa4-ba6e-65647473e68d",
              "isHook": false,
              "skipped": false
            },
            {
              "title": "As a Supervisor I have access to \"API Admin\" (example #14)",
              "fullTitle": "Cloud on Demand checks - Supervisor As a Supervisor I have access to \"API Admin\" (example #14)",
              "timedOut": null,
              "duration": 13459,
              "state": "passed",
              "speed": "slow",
              "pass": true,
              "fail": false,
              "pending": false,
              "context": null,
              "code": "const state = window.testState;\nreturn cy\n  .then(() => state.onStartScenario(scenario, indexedSteps))\n  .then(() =>\n    resolveAndRunBeforeHooks.call(this, scenario.tags, state.feature.name)\n  )\n  .then(() =>\n    indexedSteps.forEach(step => stepTest.call(this, state, step, rowData))\n  )\n  .then(() =>\n    resolveAndRunAfterHooks.call(this, scenario.tags, state.feature.name)\n  )\n  .then(() => state.onFinishScenario(scenario));",
              "err": {},
              "uuid": "1cac3b5c-5e8d-495c-8d2b-3c9c9e760e62",
              "parentUUID": "b887f717-cf02-4fa4-ba6e-65647473e68d",
              "isHook": false,
              "skipped": false
            },
            {
              "title": "As a Supervisor I have access to \"Salesforce Administration\" (example #15)",
              "fullTitle": "Cloud on Demand checks - Supervisor As a Supervisor I have access to \"Salesforce Administration\" (example #15)",
              "timedOut": null,
              "duration": 14714,
              "state": "passed",
              "speed": "slow",
              "pass": true,
              "fail": false,
              "pending": false,
              "context": null,
              "code": "const state = window.testState;\nreturn cy\n  .then(() => state.onStartScenario(scenario, indexedSteps))\n  .then(() =>\n    resolveAndRunBeforeHooks.call(this, scenario.tags, state.feature.name)\n  )\n  .then(() =>\n    indexedSteps.forEach(step => stepTest.call(this, state, step, rowData))\n  )\n  .then(() =>\n    resolveAndRunAfterHooks.call(this, scenario.tags, state.feature.name)\n  )\n  .then(() => state.onFinishScenario(scenario));",
              "err": {},
              "uuid": "559b0a3f-b9e1-4f4b-bb72-a112d2d84836",
              "parentUUID": "b887f717-cf02-4fa4-ba6e-65647473e68d",
              "isHook": false,
              "skipped": false
            },
            {
              "title": "As a Supervisor I have access to \"Cadence\" (example #16)",
              "fullTitle": "Cloud on Demand checks - Supervisor As a Supervisor I have access to \"Cadence\" (example #16)",
              "timedOut": null,
              "duration": 18745,
              "state": "passed",
              "speed": "slow",
              "pass": true,
              "fail": false,
              "pending": false,
              "context": null,
              "code": "const state = window.testState;\nreturn cy\n  .then(() => state.onStartScenario(scenario, indexedSteps))\n  .then(() =>\n    resolveAndRunBeforeHooks.call(this, scenario.tags, state.feature.name)\n  )\n  .then(() =>\n    indexedSteps.forEach(step => stepTest.call(this, state, step, rowData))\n  )\n  .then(() =>\n    resolveAndRunAfterHooks.call(this, scenario.tags, state.feature.name)\n  )\n  .then(() => state.onFinishScenario(scenario));",
              "err": {},
              "uuid": "21c8c98d-997b-42d0-8fb3-acb97b4f5057",
              "parentUUID": "b887f717-cf02-4fa4-ba6e-65647473e68d",
              "isHook": false,
              "skipped": false
            }
          ],
          "suites": [],
          "passes": [
            "f938e25f-e874-4846-aef4-47086cbb0147",
            "850c6707-5478-4746-9ae4-3c3bb0afa3f6",
            "dee3e7d1-4a2a-4f75-a16d-2a14dbc88746",
            "831f2515-bd89-4628-8d41-5e9e4581e5d2",
            "694b43e6-b2d8-4ca8-b745-945529708a23",
            "abc4e907-6d66-4003-bf18-33b947609f6f",
            "50cda6ac-02d3-4329-bfd8-7823d22584e2",
            "33157799-cfdb-4ff0-a9af-da8894ff9158",
            "45a7da99-a9f3-49d1-b76b-f077b9beba38",
            "f4ed844c-297f-46f8-b827-7e5b6011ef5b",
            "edd02be7-5078-4b10-a115-f67a48862040",
            "6d42e93a-d30c-4406-b62e-a411c6a4fc07",
            "39e3ce6e-8c11-4919-b37b-e9c940138658",
            "af6e7eea-fe12-4b20-bed1-99dd5d0c8145",
            "1cac3b5c-5e8d-495c-8d2b-3c9c9e760e62",
            "559b0a3f-b9e1-4f4b-bb72-a112d2d84836",
            "21c8c98d-997b-42d0-8fb3-acb97b4f5057"
          ],
          "failures": [],
          "pending": [],
          "skipped": [],
          "duration": 300031,
          "root": false,
          "rootEmpty": false,
          "_timeout": 2000
        }
      ],
      "passes": [],
      "failures": [],
      "pending": [],
      "skipped": [],
      "duration": 0,
      "root": true,
      "rootEmpty": true,
      "_timeout": 2000
    },
    {
      "uuid": "3a1ca371-fb74-4876-b06b-942aa9004343",
      "title": "",
      "fullFile": "cypress\\integration\\CoDAgentChecks.feature",
      "file": "cypress\\integration\\CoDAgentChecks.feature",
      "beforeHooks": [],
      "afterHooks": [],
      "tests": [],
      "suites": [
        {
          "uuid": "ab1e4319-d327-4e2f-96e4-39acd694d0e9",
          "title": "Cloud on Demand checks - Agent",
          "fullFile": "",
          "file": "",
          "beforeHooks": [],
          "afterHooks": [],
          "tests": [
            {
              "title": "Agent presence can be change from Ready to Away & Away to Ready",
              "fullTitle": "Cloud on Demand checks - Agent Agent presence can be change from Ready to Away & Away to Ready",
              "timedOut": null,
              "duration": 44516,
              "state": "passed",
              "speed": "slow",
              "pass": true,
              "fail": false,
              "pending": false,
              "context": null,
              "code": "const state = window.testState;\nreturn cy\n  .then(() => state.onStartScenario(scenario, indexedSteps))\n  .then(() =>\n    resolveAndRunBeforeHooks.call(this, scenario.tags, state.feature.name)\n  )\n  .then(() =>\n    indexedSteps.forEach(step => stepTest.call(this, state, step, rowData))\n  )\n  .then(() =>\n    resolveAndRunAfterHooks.call(this, scenario.tags, state.feature.name)\n  )\n  .then(() => state.onFinishScenario(scenario));",
              "err": {},
              "uuid": "928dca30-72c7-4d95-868d-66cba5aeaf35",
              "parentUUID": "ab1e4319-d327-4e2f-96e4-39acd694d0e9",
              "isHook": false,
              "skipped": false
            },
            {
              "title": "Agent Telephone number can be set via Settings",
              "fullTitle": "Cloud on Demand checks - Agent Agent Telephone number can be set via Settings",
              "timedOut": null,
              "duration": 38383,
              "state": "passed",
              "speed": "slow",
              "pass": true,
              "fail": false,
              "pending": false,
              "context": null,
              "code": "const state = window.testState;\nreturn cy\n  .then(() => state.onStartScenario(scenario, indexedSteps))\n  .then(() =>\n    resolveAndRunBeforeHooks.call(this, scenario.tags, state.feature.name)\n  )\n  .then(() =>\n    indexedSteps.forEach(step => stepTest.call(this, state, step, rowData))\n  )\n  .then(() =>\n    resolveAndRunAfterHooks.call(this, scenario.tags, state.feature.name)\n  )\n  .then(() => state.onFinishScenario(scenario));",
              "err": {},
              "uuid": "631df9b1-476d-47db-ab8d-328ff5916720",
              "parentUUID": "ab1e4319-d327-4e2f-96e4-39acd694d0e9",
              "isHook": false,
              "skipped": false
            },
            {
              "title": "Agent can navigate through Info tab, Call History tab, Call in Queue tab",
              "fullTitle": "Cloud on Demand checks - Agent Agent can navigate through Info tab, Call History tab, Call in Queue tab",
              "timedOut": null,
              "duration": 24945,
              "state": "passed",
              "speed": "slow",
              "pass": true,
              "fail": false,
              "pending": false,
              "context": null,
              "code": "const state = window.testState;\nreturn cy\n  .then(() => state.onStartScenario(scenario, indexedSteps))\n  .then(() =>\n    resolveAndRunBeforeHooks.call(this, scenario.tags, state.feature.name)\n  )\n  .then(() =>\n    indexedSteps.forEach(step => stepTest.call(this, state, step, rowData))\n  )\n  .then(() =>\n    resolveAndRunAfterHooks.call(this, scenario.tags, state.feature.name)\n  )\n  .then(() => state.onFinishScenario(scenario));",
              "err": {},
              "uuid": "d6c3e296-f8ee-45e7-a891-f7cc11a1c7cf",
              "parentUUID": "ab1e4319-d327-4e2f-96e4-39acd694d0e9",
              "isHook": false,
              "skipped": false
            }
          ],
          "suites": [],
          "passes": [
            "928dca30-72c7-4d95-868d-66cba5aeaf35",
            "631df9b1-476d-47db-ab8d-328ff5916720",
            "d6c3e296-f8ee-45e7-a891-f7cc11a1c7cf"
          ],
          "failures": [],
          "pending": [],
          "skipped": [],
          "duration": 107844,
          "root": false,
          "rootEmpty": false,
          "_timeout": 2000
        }
      ],
      "passes": [],
      "failures": [],
      "pending": [],
      "skipped": [],
      "duration": 0,
      "root": true,
      "rootEmpty": true,
      "_timeout": 2000
    }
  ],
  "meta": {
    "mocha": {
      "version": "7.2.0"
    },
    "mochawesome": {
      "options": {
        "quiet": false,
        "reportFilename": "mochawesome",
        "saveHtml": false,
        "saveJson": true,
        "consoleReporter": "spec",
        "useInlineDiffs": false,
        "code": true
      },
      "version": "6.1.1"
    },
    "marge": {
      "options": {
        "reportDir": "cypress/reports/separate-reports",
        "overwrite": false,
        "html": false,
        "json": true
      },
      "version": "5.1.0"
    }
  }
}