{
  "stats": {
    "suites": 2,
    "tests": 25,
    "passes": 23,
    "pending": 0,
    "failures": 2,
    "start": "2020-06-22T19:25:30.389Z",
    "end": "2020-06-22T19:25:30.389Z",
    "duration": 675617,
    "testsRegistered": 25,
    "passPercent": 92,
    "pendingPercent": 0,
    "other": 0,
    "hasOther": false,
    "skipped": 0,
    "hasSkipped": false
  },
  "results": [
    {
      "uuid": "ed970131-d66c-4c75-b961-e84fcb9bd4a3",
      "title": "",
      "fullFile": "cypress\\integration\\CoDSupervisorChecks.feature",
      "file": "cypress\\integration\\CoDSupervisorChecks.feature",
      "beforeHooks": [],
      "afterHooks": [],
      "tests": [],
      "suites": [
        {
          "uuid": "1b914c8b-bd35-4ddb-8d63-9d139796382e",
          "title": "Cloud on Demand checks - Supervisor",
          "fullFile": "",
          "file": "",
          "beforeHooks": [],
          "afterHooks": [],
          "tests": [
            {
              "title": "Verify if Portal Page loads with Portal Banner \"Ads\"",
              "fullTitle": "Cloud on Demand checks - Supervisor Verify if Portal Page loads with Portal Banner \"Ads\"",
              "timedOut": null,
              "duration": 19802,
              "state": "passed",
              "speed": "slow",
              "pass": true,
              "fail": false,
              "pending": false,
              "context": null,
              "code": "const state = window.testState;\nreturn cy\n  .then(() => state.onStartScenario(scenario, indexedSteps))\n  .then(() =>\n    resolveAndRunBeforeHooks.call(this, scenario.tags, state.feature.name)\n  )\n  .then(() =>\n    indexedSteps.forEach(step => stepTest.call(this, state, step, rowData))\n  )\n  .then(() =>\n    resolveAndRunAfterHooks.call(this, scenario.tags, state.feature.name)\n  )\n  .then(() => state.onFinishScenario(scenario));",
              "err": {},
              "uuid": "b3d875a7-362b-4d0b-b725-29890726f2ed",
              "parentUUID": "1b914c8b-bd35-4ddb-8d63-9d139796382e",
              "isHook": false,
              "skipped": false
            },
            {
              "title": "As a Supervisor I have access to \"Skill Management\" (example #1)",
              "fullTitle": "Cloud on Demand checks - Supervisor As a Supervisor I have access to \"Skill Management\" (example #1)",
              "timedOut": null,
              "duration": 18179,
              "state": "passed",
              "speed": "slow",
              "pass": true,
              "fail": false,
              "pending": false,
              "context": null,
              "code": "const state = window.testState;\nreturn cy\n  .then(() => state.onStartScenario(scenario, indexedSteps))\n  .then(() =>\n    resolveAndRunBeforeHooks.call(this, scenario.tags, state.feature.name)\n  )\n  .then(() =>\n    indexedSteps.forEach(step => stepTest.call(this, state, step, rowData))\n  )\n  .then(() =>\n    resolveAndRunAfterHooks.call(this, scenario.tags, state.feature.name)\n  )\n  .then(() => state.onFinishScenario(scenario));",
              "err": {},
              "uuid": "7244088b-57d9-493b-9539-f3855449dc8f",
              "parentUUID": "1b914c8b-bd35-4ddb-8d63-9d139796382e",
              "isHook": false,
              "skipped": false
            },
            {
              "title": "As a Supervisor I have access to \"Virtual Queue\" (example #2)",
              "fullTitle": "Cloud on Demand checks - Supervisor As a Supervisor I have access to \"Virtual Queue\" (example #2)",
              "timedOut": null,
              "duration": 15913,
              "state": "passed",
              "speed": "slow",
              "pass": true,
              "fail": false,
              "pending": false,
              "context": null,
              "code": "const state = window.testState;\nreturn cy\n  .then(() => state.onStartScenario(scenario, indexedSteps))\n  .then(() =>\n    resolveAndRunBeforeHooks.call(this, scenario.tags, state.feature.name)\n  )\n  .then(() =>\n    indexedSteps.forEach(step => stepTest.call(this, state, step, rowData))\n  )\n  .then(() =>\n    resolveAndRunAfterHooks.call(this, scenario.tags, state.feature.name)\n  )\n  .then(() => state.onFinishScenario(scenario));",
              "err": {},
              "uuid": "e2bc13ac-17df-4dee-bfde-6f77687af66b",
              "parentUUID": "1b914c8b-bd35-4ddb-8d63-9d139796382e",
              "isHook": false,
              "skipped": false
            },
            {
              "title": "As a Supervisor I have access to \"Dashboards\" (example #3)",
              "fullTitle": "Cloud on Demand checks - Supervisor As a Supervisor I have access to \"Dashboards\" (example #3)",
              "timedOut": null,
              "duration": 20937,
              "state": "passed",
              "speed": "slow",
              "pass": true,
              "fail": false,
              "pending": false,
              "context": null,
              "code": "const state = window.testState;\nreturn cy\n  .then(() => state.onStartScenario(scenario, indexedSteps))\n  .then(() =>\n    resolveAndRunBeforeHooks.call(this, scenario.tags, state.feature.name)\n  )\n  .then(() =>\n    indexedSteps.forEach(step => stepTest.call(this, state, step, rowData))\n  )\n  .then(() =>\n    resolveAndRunAfterHooks.call(this, scenario.tags, state.feature.name)\n  )\n  .then(() => state.onFinishScenario(scenario));",
              "err": {},
              "uuid": "bf53d9ed-bdf5-4e63-9656-d465882c3579",
              "parentUUID": "1b914c8b-bd35-4ddb-8d63-9d139796382e",
              "isHook": false,
              "skipped": false
            },
            {
              "title": "As a Supervisor I have access to \"Real Time\" (example #4)",
              "fullTitle": "Cloud on Demand checks - Supervisor As a Supervisor I have access to \"Real Time\" (example #4)",
              "timedOut": null,
              "duration": 31957,
              "state": "passed",
              "speed": "slow",
              "pass": true,
              "fail": false,
              "pending": false,
              "context": null,
              "code": "const state = window.testState;\nreturn cy\n  .then(() => state.onStartScenario(scenario, indexedSteps))\n  .then(() =>\n    resolveAndRunBeforeHooks.call(this, scenario.tags, state.feature.name)\n  )\n  .then(() =>\n    indexedSteps.forEach(step => stepTest.call(this, state, step, rowData))\n  )\n  .then(() =>\n    resolveAndRunAfterHooks.call(this, scenario.tags, state.feature.name)\n  )\n  .then(() => state.onFinishScenario(scenario));",
              "err": {},
              "uuid": "bc0d4592-3afa-4974-8f79-f2084d60af0a",
              "parentUUID": "1b914c8b-bd35-4ddb-8d63-9d139796382e",
              "isHook": false,
              "skipped": false
            },
            {
              "title": "As a Supervisor I have access to \"Interaction Architect\" (example #5)",
              "fullTitle": "Cloud on Demand checks - Supervisor As a Supervisor I have access to \"Interaction Architect\" (example #5)",
              "timedOut": null,
              "duration": 17922,
              "state": "passed",
              "speed": "slow",
              "pass": true,
              "fail": false,
              "pending": false,
              "context": null,
              "code": "const state = window.testState;\nreturn cy\n  .then(() => state.onStartScenario(scenario, indexedSteps))\n  .then(() =>\n    resolveAndRunBeforeHooks.call(this, scenario.tags, state.feature.name)\n  )\n  .then(() =>\n    indexedSteps.forEach(step => stepTest.call(this, state, step, rowData))\n  )\n  .then(() =>\n    resolveAndRunAfterHooks.call(this, scenario.tags, state.feature.name)\n  )\n  .then(() => state.onFinishScenario(scenario));",
              "err": {},
              "uuid": "af63001c-de1e-463b-a7e0-effea971022b",
              "parentUUID": "1b914c8b-bd35-4ddb-8d63-9d139796382e",
              "isHook": false,
              "skipped": false
            },
            {
              "title": "As a Supervisor I have access to \"Interaction Plan Management\" (example #6)",
              "fullTitle": "Cloud on Demand checks - Supervisor As a Supervisor I have access to \"Interaction Plan Management\" (example #6)",
              "timedOut": null,
              "duration": 15485,
              "state": "passed",
              "speed": "slow",
              "pass": true,
              "fail": false,
              "pending": false,
              "context": null,
              "code": "const state = window.testState;\nreturn cy\n  .then(() => state.onStartScenario(scenario, indexedSteps))\n  .then(() =>\n    resolveAndRunBeforeHooks.call(this, scenario.tags, state.feature.name)\n  )\n  .then(() =>\n    indexedSteps.forEach(step => stepTest.call(this, state, step, rowData))\n  )\n  .then(() =>\n    resolveAndRunAfterHooks.call(this, scenario.tags, state.feature.name)\n  )\n  .then(() => state.onFinishScenario(scenario));",
              "err": {},
              "uuid": "3db51ca3-3b71-4baf-8b78-c5a7e245477e",
              "parentUUID": "1b914c8b-bd35-4ddb-8d63-9d139796382e",
              "isHook": false,
              "skipped": false
            },
            {
              "title": "As a Supervisor I have access to \"Stats and Reports\" (example #7)",
              "fullTitle": "Cloud on Demand checks - Supervisor As a Supervisor I have access to \"Stats and Reports\" (example #7)",
              "timedOut": null,
              "duration": 21266,
              "state": "passed",
              "speed": "slow",
              "pass": true,
              "fail": false,
              "pending": false,
              "context": null,
              "code": "const state = window.testState;\nreturn cy\n  .then(() => state.onStartScenario(scenario, indexedSteps))\n  .then(() =>\n    resolveAndRunBeforeHooks.call(this, scenario.tags, state.feature.name)\n  )\n  .then(() =>\n    indexedSteps.forEach(step => stepTest.call(this, state, step, rowData))\n  )\n  .then(() =>\n    resolveAndRunAfterHooks.call(this, scenario.tags, state.feature.name)\n  )\n  .then(() => state.onFinishScenario(scenario));",
              "err": {},
              "uuid": "a76e7959-7131-42f2-a205-6d75da85b3cb",
              "parentUUID": "1b914c8b-bd35-4ddb-8d63-9d139796382e",
              "isHook": false,
              "skipped": false
            },
            {
              "title": "As a Supervisor I have access to \"IVR Data Collector\" (example #8)",
              "fullTitle": "Cloud on Demand checks - Supervisor As a Supervisor I have access to \"IVR Data Collector\" (example #8)",
              "timedOut": null,
              "duration": 15288,
              "state": "passed",
              "speed": "slow",
              "pass": true,
              "fail": false,
              "pending": false,
              "context": null,
              "code": "const state = window.testState;\nreturn cy\n  .then(() => state.onStartScenario(scenario, indexedSteps))\n  .then(() =>\n    resolveAndRunBeforeHooks.call(this, scenario.tags, state.feature.name)\n  )\n  .then(() =>\n    indexedSteps.forEach(step => stepTest.call(this, state, step, rowData))\n  )\n  .then(() =>\n    resolveAndRunAfterHooks.call(this, scenario.tags, state.feature.name)\n  )\n  .then(() => state.onFinishScenario(scenario));",
              "err": {},
              "uuid": "c79689f2-33b8-4171-8709-57916818f487",
              "parentUUID": "1b914c8b-bd35-4ddb-8d63-9d139796382e",
              "isHook": false,
              "skipped": false
            },
            {
              "title": "As a Supervisor I have access to \"Call Recordings\" (example #9)",
              "fullTitle": "Cloud on Demand checks - Supervisor As a Supervisor I have access to \"Call Recordings\" (example #9)",
              "timedOut": null,
              "duration": 19032,
              "state": "passed",
              "speed": "slow",
              "pass": true,
              "fail": false,
              "pending": false,
              "context": null,
              "code": "const state = window.testState;\nreturn cy\n  .then(() => state.onStartScenario(scenario, indexedSteps))\n  .then(() =>\n    resolveAndRunBeforeHooks.call(this, scenario.tags, state.feature.name)\n  )\n  .then(() =>\n    indexedSteps.forEach(step => stepTest.call(this, state, step, rowData))\n  )\n  .then(() =>\n    resolveAndRunAfterHooks.call(this, scenario.tags, state.feature.name)\n  )\n  .then(() => state.onFinishScenario(scenario));",
              "err": {},
              "uuid": "3b474260-75c6-4851-9a7a-efe460c77bad",
              "parentUUID": "1b914c8b-bd35-4ddb-8d63-9d139796382e",
              "isHook": false,
              "skipped": false
            },
            {
              "title": "As a Supervisor I have access to \"System Audit\" (example #10)",
              "fullTitle": "Cloud on Demand checks - Supervisor As a Supervisor I have access to \"System Audit\" (example #10)",
              "timedOut": null,
              "duration": 21474,
              "state": "passed",
              "speed": "slow",
              "pass": true,
              "fail": false,
              "pending": false,
              "context": null,
              "code": "const state = window.testState;\nreturn cy\n  .then(() => state.onStartScenario(scenario, indexedSteps))\n  .then(() =>\n    resolveAndRunBeforeHooks.call(this, scenario.tags, state.feature.name)\n  )\n  .then(() =>\n    indexedSteps.forEach(step => stepTest.call(this, state, step, rowData))\n  )\n  .then(() =>\n    resolveAndRunAfterHooks.call(this, scenario.tags, state.feature.name)\n  )\n  .then(() => state.onFinishScenario(scenario));",
              "err": {},
              "uuid": "e627e58b-893c-4ff0-bd53-ab079fd7ce9a",
              "parentUUID": "1b914c8b-bd35-4ddb-8d63-9d139796382e",
              "isHook": false,
              "skipped": false
            },
            {
              "title": "As a Supervisor I have access to \"System Settings\" (example #11)",
              "fullTitle": "Cloud on Demand checks - Supervisor As a Supervisor I have access to \"System Settings\" (example #11)",
              "timedOut": null,
              "duration": 15353,
              "state": "passed",
              "speed": "slow",
              "pass": true,
              "fail": false,
              "pending": false,
              "context": null,
              "code": "const state = window.testState;\nreturn cy\n  .then(() => state.onStartScenario(scenario, indexedSteps))\n  .then(() =>\n    resolveAndRunBeforeHooks.call(this, scenario.tags, state.feature.name)\n  )\n  .then(() =>\n    indexedSteps.forEach(step => stepTest.call(this, state, step, rowData))\n  )\n  .then(() =>\n    resolveAndRunAfterHooks.call(this, scenario.tags, state.feature.name)\n  )\n  .then(() => state.onFinishScenario(scenario));",
              "err": {},
              "uuid": "b5c08163-1e83-41c2-b7aa-3b66719a0876",
              "parentUUID": "1b914c8b-bd35-4ddb-8d63-9d139796382e",
              "isHook": false,
              "skipped": false
            },
            {
              "title": "As a Supervisor I have access to \"User Admin\" (example #12)",
              "fullTitle": "Cloud on Demand checks - Supervisor As a Supervisor I have access to \"User Admin\" (example #12)",
              "timedOut": null,
              "duration": 15404,
              "state": "passed",
              "speed": "slow",
              "pass": true,
              "fail": false,
              "pending": false,
              "context": null,
              "code": "const state = window.testState;\nreturn cy\n  .then(() => state.onStartScenario(scenario, indexedSteps))\n  .then(() =>\n    resolveAndRunBeforeHooks.call(this, scenario.tags, state.feature.name)\n  )\n  .then(() =>\n    indexedSteps.forEach(step => stepTest.call(this, state, step, rowData))\n  )\n  .then(() =>\n    resolveAndRunAfterHooks.call(this, scenario.tags, state.feature.name)\n  )\n  .then(() => state.onFinishScenario(scenario));",
              "err": {},
              "uuid": "b46edd8e-6e73-440b-8247-0fb36a673af2",
              "parentUUID": "1b914c8b-bd35-4ddb-8d63-9d139796382e",
              "isHook": false,
              "skipped": false
            },
            {
              "title": "As a Supervisor I have access to \"User Access\" (example #13)",
              "fullTitle": "Cloud on Demand checks - Supervisor As a Supervisor I have access to \"User Access\" (example #13)",
              "timedOut": null,
              "duration": 21909,
              "state": "passed",
              "speed": "slow",
              "pass": true,
              "fail": false,
              "pending": false,
              "context": null,
              "code": "const state = window.testState;\nreturn cy\n  .then(() => state.onStartScenario(scenario, indexedSteps))\n  .then(() =>\n    resolveAndRunBeforeHooks.call(this, scenario.tags, state.feature.name)\n  )\n  .then(() =>\n    indexedSteps.forEach(step => stepTest.call(this, state, step, rowData))\n  )\n  .then(() =>\n    resolveAndRunAfterHooks.call(this, scenario.tags, state.feature.name)\n  )\n  .then(() => state.onFinishScenario(scenario));",
              "err": {},
              "uuid": "7e1116c1-6efc-4273-bd35-e7cea068cffe",
              "parentUUID": "1b914c8b-bd35-4ddb-8d63-9d139796382e",
              "isHook": false,
              "skipped": false
            },
            {
              "title": "As a Supervisor I have access to \"API Admin\" (example #14)",
              "fullTitle": "Cloud on Demand checks - Supervisor As a Supervisor I have access to \"API Admin\" (example #14)",
              "timedOut": null,
              "duration": 15095,
              "state": "passed",
              "speed": "slow",
              "pass": true,
              "fail": false,
              "pending": false,
              "context": null,
              "code": "const state = window.testState;\nreturn cy\n  .then(() => state.onStartScenario(scenario, indexedSteps))\n  .then(() =>\n    resolveAndRunBeforeHooks.call(this, scenario.tags, state.feature.name)\n  )\n  .then(() =>\n    indexedSteps.forEach(step => stepTest.call(this, state, step, rowData))\n  )\n  .then(() =>\n    resolveAndRunAfterHooks.call(this, scenario.tags, state.feature.name)\n  )\n  .then(() => state.onFinishScenario(scenario));",
              "err": {},
              "uuid": "4526ac61-55e8-48d3-92f9-94f168ae1580",
              "parentUUID": "1b914c8b-bd35-4ddb-8d63-9d139796382e",
              "isHook": false,
              "skipped": false
            },
            {
              "title": "As a Supervisor I have access to \"Salesforce Administration\" (example #15)",
              "fullTitle": "Cloud on Demand checks - Supervisor As a Supervisor I have access to \"Salesforce Administration\" (example #15)",
              "timedOut": null,
              "duration": 17527,
              "state": "passed",
              "speed": "slow",
              "pass": true,
              "fail": false,
              "pending": false,
              "context": null,
              "code": "const state = window.testState;\nreturn cy\n  .then(() => state.onStartScenario(scenario, indexedSteps))\n  .then(() =>\n    resolveAndRunBeforeHooks.call(this, scenario.tags, state.feature.name)\n  )\n  .then(() =>\n    indexedSteps.forEach(step => stepTest.call(this, state, step, rowData))\n  )\n  .then(() =>\n    resolveAndRunAfterHooks.call(this, scenario.tags, state.feature.name)\n  )\n  .then(() => state.onFinishScenario(scenario));",
              "err": {},
              "uuid": "1ed3d3a2-fb5c-417c-8cbb-b3c138c20e95",
              "parentUUID": "1b914c8b-bd35-4ddb-8d63-9d139796382e",
              "isHook": false,
              "skipped": false
            },
            {
              "title": "As a Supervisor I have access to \"Cadence\" (example #16)",
              "fullTitle": "Cloud on Demand checks - Supervisor As a Supervisor I have access to \"Cadence\" (example #16)",
              "timedOut": null,
              "duration": 13850,
              "state": "passed",
              "speed": "slow",
              "pass": true,
              "fail": false,
              "pending": false,
              "context": null,
              "code": "const state = window.testState;\nreturn cy\n  .then(() => state.onStartScenario(scenario, indexedSteps))\n  .then(() =>\n    resolveAndRunBeforeHooks.call(this, scenario.tags, state.feature.name)\n  )\n  .then(() =>\n    indexedSteps.forEach(step => stepTest.call(this, state, step, rowData))\n  )\n  .then(() =>\n    resolveAndRunAfterHooks.call(this, scenario.tags, state.feature.name)\n  )\n  .then(() => state.onFinishScenario(scenario));",
              "err": {},
              "uuid": "70ae81fd-8a4a-40c9-a89a-86f5aa48fe05",
              "parentUUID": "1b914c8b-bd35-4ddb-8d63-9d139796382e",
              "isHook": false,
              "skipped": false
            }
          ],
          "suites": [],
          "passes": [
            "b3d875a7-362b-4d0b-b725-29890726f2ed",
            "7244088b-57d9-493b-9539-f3855449dc8f",
            "e2bc13ac-17df-4dee-bfde-6f77687af66b",
            "bf53d9ed-bdf5-4e63-9656-d465882c3579",
            "bc0d4592-3afa-4974-8f79-f2084d60af0a",
            "af63001c-de1e-463b-a7e0-effea971022b",
            "3db51ca3-3b71-4baf-8b78-c5a7e245477e",
            "a76e7959-7131-42f2-a205-6d75da85b3cb",
            "c79689f2-33b8-4171-8709-57916818f487",
            "3b474260-75c6-4851-9a7a-efe460c77bad",
            "e627e58b-893c-4ff0-bd53-ab079fd7ce9a",
            "b5c08163-1e83-41c2-b7aa-3b66719a0876",
            "b46edd8e-6e73-440b-8247-0fb36a673af2",
            "7e1116c1-6efc-4273-bd35-e7cea068cffe",
            "4526ac61-55e8-48d3-92f9-94f168ae1580",
            "1ed3d3a2-fb5c-417c-8cbb-b3c138c20e95",
            "70ae81fd-8a4a-40c9-a89a-86f5aa48fe05"
          ],
          "failures": [],
          "pending": [],
          "skipped": [],
          "duration": 316393,
          "root": false,
          "rootEmpty": false,
          "_timeout": 2000
        }
      ],
      "passes": [],
      "failures": [],
      "pending": [],
      "skipped": [],
      "duration": 0,
      "root": true,
      "rootEmpty": true,
      "_timeout": 2000
    },
    {
      "uuid": "d49d2fd9-e939-49b5-bcc9-7d0e7f8a8431",
      "title": "",
      "fullFile": "cypress\\integration\\CoDAgentChecks.feature",
      "file": "cypress\\integration\\CoDAgentChecks.feature",
      "beforeHooks": [],
      "afterHooks": [],
      "tests": [],
      "suites": [
        {
          "uuid": "43ac4110-f76d-4939-bd5e-f708f83ae797",
          "title": "Cloud on Demand checks - Agent",
          "fullFile": "",
          "file": "",
          "beforeHooks": [],
          "afterHooks": [],
          "tests": [
            {
              "title": "Agent can handle Inbound Call via ACD",
              "fullTitle": "Cloud on Demand checks - Agent Agent can handle Inbound Call via ACD",
              "timedOut": null,
              "duration": 54770,
              "state": "failed",
              "speed": null,
              "pass": false,
              "fail": true,
              "pending": false,
              "context": null,
              "code": "const state = window.testState;\nreturn cy\n  .then(() => state.onStartScenario(scenario, indexedSteps))\n  .then(() =>\n    resolveAndRunBeforeHooks.call(this, scenario.tags, state.feature.name)\n  )\n  .then(() =>\n    indexedSteps.forEach(step => stepTest.call(this, state, step, rowData))\n  )\n  .then(() =>\n    resolveAndRunAfterHooks.call(this, scenario.tags, state.feature.name)\n  )\n  .then(() => state.onFinishScenario(scenario));",
              "err": {
                "message": "CypressError: Timed out retrying: Expected to find element: '[id|=interactionsListContainer] [class|=interactionListItemColumn]', but never found it. Queried from element: <body>",
                "estack": "CypressError: Timed out retrying: Expected to find element: '[id|=interactionsListContainer] [class|=interactionListItemColumn]', but never found it. Queried from element: <body>\n    at Object.cypressErr (https://itg-test-pdx.nvminternal.net/__cypress/runner/cypress_runner.js:86207:11)\n    at Object.throwErr (https://itg-test-pdx.nvminternal.net/__cypress/runner/cypress_runner.js:86162:18)\n    at Object.throwErrByPath (https://itg-test-pdx.nvminternal.net/__cypress/runner/cypress_runner.js:86194:17)\n    at retry (https://itg-test-pdx.nvminternal.net/__cypress/runner/cypress_runner.js:76849:16)\n    at onFailFn (https://itg-test-pdx.nvminternal.net/__cypress/runner/cypress_runner.js:65634:16)\n    at tryCatcher (https://itg-test-pdx.nvminternal.net/__cypress/runner/cypress_runner.js:120203:23)\n    at Promise._settlePromiseFromHandler (https://itg-test-pdx.nvminternal.net/__cypress/runner/cypress_runner.js:118139:31)\n    at Promise._settlePromise (https://itg-test-pdx.nvminternal.net/__cypress/runner/cypress_runner.js:118196:18)\n    at Promise._settlePromise0 (https://itg-test-pdx.nvminternal.net/__cypress/runner/cypress_runner.js:118241:10)\n    at Promise._settlePromises (https://itg-test-pdx.nvminternal.net/__cypress/runner/cypress_runner.js:118316:18)\n    at Async../node_modules/bluebird/js/release/async.js.Async._drainQueue (https://itg-test-pdx.nvminternal.net/__cypress/runner/cypress_runner.js:114928:16)\n    at Async../node_modules/bluebird/js/release/async.js.Async._drainQueues (https://itg-test-pdx.nvminternal.net/__cypress/runner/cypress_runner.js:114938:10)\n    at Async.drainQueues (https://itg-test-pdx.nvminternal.net/__cypress/runner/cypress_runner.js:114812:14)",
                "diff": null
              },
              "uuid": "fef0e082-608a-4302-aa4f-ef50b86aab02",
              "parentUUID": "43ac4110-f76d-4939-bd5e-f708f83ae797",
              "isHook": false,
              "skipped": false
            },
            {
              "title": "Agent can handle Inbound Call via UCD",
              "fullTitle": "Cloud on Demand checks - Agent Agent can handle Inbound Call via UCD",
              "timedOut": null,
              "duration": 44292,
              "state": "passed",
              "speed": "slow",
              "pass": true,
              "fail": false,
              "pending": false,
              "context": null,
              "code": "const state = window.testState;\nreturn cy\n  .then(() => state.onStartScenario(scenario, indexedSteps))\n  .then(() =>\n    resolveAndRunBeforeHooks.call(this, scenario.tags, state.feature.name)\n  )\n  .then(() =>\n    indexedSteps.forEach(step => stepTest.call(this, state, step, rowData))\n  )\n  .then(() =>\n    resolveAndRunAfterHooks.call(this, scenario.tags, state.feature.name)\n  )\n  .then(() => state.onFinishScenario(scenario));",
              "err": {},
              "uuid": "689e3134-852d-4d81-9f73-6eff8577666c",
              "parentUUID": "43ac4110-f76d-4939-bd5e-f708f83ae797",
              "isHook": false,
              "skipped": false
            },
            {
              "title": "Agent can make Outbound call",
              "fullTitle": "Cloud on Demand checks - Agent Agent can make Outbound call",
              "timedOut": null,
              "duration": 45183,
              "state": "passed",
              "speed": "slow",
              "pass": true,
              "fail": false,
              "pending": false,
              "context": null,
              "code": "const state = window.testState;\nreturn cy\n  .then(() => state.onStartScenario(scenario, indexedSteps))\n  .then(() =>\n    resolveAndRunBeforeHooks.call(this, scenario.tags, state.feature.name)\n  )\n  .then(() =>\n    indexedSteps.forEach(step => stepTest.call(this, state, step, rowData))\n  )\n  .then(() =>\n    resolveAndRunAfterHooks.call(this, scenario.tags, state.feature.name)\n  )\n  .then(() => state.onFinishScenario(scenario));",
              "err": {},
              "uuid": "77213b4a-e8cd-456a-b59c-8dae6935c66d",
              "parentUUID": "43ac4110-f76d-4939-bd5e-f708f83ae797",
              "isHook": false,
              "skipped": false
            },
            {
              "title": "Agent can hold and retrieve during Inbound Call",
              "fullTitle": "Cloud on Demand checks - Agent Agent can hold and retrieve during Inbound Call",
              "timedOut": null,
              "duration": 45711,
              "state": "failed",
              "speed": null,
              "pass": false,
              "fail": true,
              "pending": false,
              "context": null,
              "code": "const state = window.testState;\nreturn cy\n  .then(() => state.onStartScenario(scenario, indexedSteps))\n  .then(() =>\n    resolveAndRunBeforeHooks.call(this, scenario.tags, state.feature.name)\n  )\n  .then(() =>\n    indexedSteps.forEach(step => stepTest.call(this, state, step, rowData))\n  )\n  .then(() =>\n    resolveAndRunAfterHooks.call(this, scenario.tags, state.feature.name)\n  )\n  .then(() => state.onFinishScenario(scenario));",
              "err": {
                "message": "CypressError: Timed out retrying: cy.click() failed because this element is disabled:\n\n<button id=\"CallControlHold\" type=\"submit\" data-feature-key=\"CallControlHold\" disabled=\"disabled\" class=\"disabled\">Hold</button>\n\nFix this problem, or use {force: true} to disable error checking.\n\nhttps://on.cypress.io/element-cannot-be-interacted-with",
                "estack": "CypressError: Timed out retrying: cy.click() failed because this element is disabled:\n\n<button id=\"CallControlHold\" type=\"submit\" data-feature-key=\"CallControlHold\" disabled=\"disabled\" class=\"disabled\">Hold</button>\n\nFix this problem, or use {force: true} to disable error checking.\n\nhttps://on.cypress.io/element-cannot-be-interacted-with\n    at Object.cypressErr (https://itg-test-pdx.nvminternal.net/__cypress/runner/cypress_runner.js:86207:11)\n    at Object.throwErr (https://itg-test-pdx.nvminternal.net/__cypress/runner/cypress_runner.js:86162:18)\n    at Object.throwErrByPath (https://itg-test-pdx.nvminternal.net/__cypress/runner/cypress_runner.js:86194:17)\n    at Object.retry (https://itg-test-pdx.nvminternal.net/__cypress/runner/cypress_runner.js:76849:16)\n    at retryActionability (https://itg-test-pdx.nvminternal.net/__cypress/runner/cypress_runner.js:65238:19)\n    at tryCatcher (https://itg-test-pdx.nvminternal.net/__cypress/runner/cypress_runner.js:120203:23)\n    at Function.Promise.attempt.Promise.try (https://itg-test-pdx.nvminternal.net/__cypress/runner/cypress_runner.js:117478:29)\n    at tryFn (https://itg-test-pdx.nvminternal.net/__cypress/runner/cypress_runner.js:77307:21)\n    at whenStable (https://itg-test-pdx.nvminternal.net/__cypress/runner/cypress_runner.js:77342:12)\n    at https://itg-test-pdx.nvminternal.net/__cypress/runner/cypress_runner.js:76892:16\n    at tryCatcher (https://itg-test-pdx.nvminternal.net/__cypress/runner/cypress_runner.js:120203:23)\n    at Promise._settlePromiseFromHandler (https://itg-test-pdx.nvminternal.net/__cypress/runner/cypress_runner.js:118139:31)\n    at Promise._settlePromise (https://itg-test-pdx.nvminternal.net/__cypress/runner/cypress_runner.js:118196:18)\n    at Promise._settlePromise0 (https://itg-test-pdx.nvminternal.net/__cypress/runner/cypress_runner.js:118241:10)\n    at Promise._settlePromises (https://itg-test-pdx.nvminternal.net/__cypress/runner/cypress_runner.js:118320:18)\n    at Promise._fulfill (https://itg-test-pdx.nvminternal.net/__cypress/runner/cypress_runner.js:118265:18)",
                "diff": null
              },
              "uuid": "28ac5fa6-5a3a-43ab-9d60-5ed9aa0e00e7",
              "parentUUID": "43ac4110-f76d-4939-bd5e-f708f83ae797",
              "isHook": false,
              "skipped": false
            },
            {
              "title": "Agent can hold and retrieve during Outbound Call",
              "fullTitle": "Cloud on Demand checks - Agent Agent can hold and retrieve during Outbound Call",
              "timedOut": null,
              "duration": 58436,
              "state": "passed",
              "speed": "slow",
              "pass": true,
              "fail": false,
              "pending": false,
              "context": null,
              "code": "const state = window.testState;\nreturn cy\n  .then(() => state.onStartScenario(scenario, indexedSteps))\n  .then(() =>\n    resolveAndRunBeforeHooks.call(this, scenario.tags, state.feature.name)\n  )\n  .then(() =>\n    indexedSteps.forEach(step => stepTest.call(this, state, step, rowData))\n  )\n  .then(() =>\n    resolveAndRunAfterHooks.call(this, scenario.tags, state.feature.name)\n  )\n  .then(() => state.onFinishScenario(scenario));",
              "err": {},
              "uuid": "6354ce6b-1763-435c-a81d-2fc6e9a341b7",
              "parentUUID": "43ac4110-f76d-4939-bd5e-f708f83ae797",
              "isHook": false,
              "skipped": false
            },
            {
              "title": "Agent presence can be change from Ready to Away & Away to Ready",
              "fullTitle": "Cloud on Demand checks - Agent Agent presence can be change from Ready to Away & Away to Ready",
              "timedOut": null,
              "duration": 36569,
              "state": "passed",
              "speed": "slow",
              "pass": true,
              "fail": false,
              "pending": false,
              "context": null,
              "code": "const state = window.testState;\nreturn cy\n  .then(() => state.onStartScenario(scenario, indexedSteps))\n  .then(() =>\n    resolveAndRunBeforeHooks.call(this, scenario.tags, state.feature.name)\n  )\n  .then(() =>\n    indexedSteps.forEach(step => stepTest.call(this, state, step, rowData))\n  )\n  .then(() =>\n    resolveAndRunAfterHooks.call(this, scenario.tags, state.feature.name)\n  )\n  .then(() => state.onFinishScenario(scenario));",
              "err": {},
              "uuid": "1bf23e06-5167-448a-938b-c2bbb1d5705b",
              "parentUUID": "43ac4110-f76d-4939-bd5e-f708f83ae797",
              "isHook": false,
              "skipped": false
            },
            {
              "title": "Agent Telephone number can be set via Settings",
              "fullTitle": "Cloud on Demand checks - Agent Agent Telephone number can be set via Settings",
              "timedOut": null,
              "duration": 41330,
              "state": "passed",
              "speed": "slow",
              "pass": true,
              "fail": false,
              "pending": false,
              "context": null,
              "code": "const state = window.testState;\nreturn cy\n  .then(() => state.onStartScenario(scenario, indexedSteps))\n  .then(() =>\n    resolveAndRunBeforeHooks.call(this, scenario.tags, state.feature.name)\n  )\n  .then(() =>\n    indexedSteps.forEach(step => stepTest.call(this, state, step, rowData))\n  )\n  .then(() =>\n    resolveAndRunAfterHooks.call(this, scenario.tags, state.feature.name)\n  )\n  .then(() => state.onFinishScenario(scenario));",
              "err": {},
              "uuid": "4ba5b4a9-c9a2-4c92-84ca-325b6f80478b",
              "parentUUID": "43ac4110-f76d-4939-bd5e-f708f83ae797",
              "isHook": false,
              "skipped": false
            },
            {
              "title": "Agent can navigate through Info tab, Call History tab, Call in Queue tab",
              "fullTitle": "Cloud on Demand checks - Agent Agent can navigate through Info tab, Call History tab, Call in Queue tab",
              "timedOut": null,
              "duration": 32933,
              "state": "passed",
              "speed": "slow",
              "pass": true,
              "fail": false,
              "pending": false,
              "context": null,
              "code": "const state = window.testState;\nreturn cy\n  .then(() => state.onStartScenario(scenario, indexedSteps))\n  .then(() =>\n    resolveAndRunBeforeHooks.call(this, scenario.tags, state.feature.name)\n  )\n  .then(() =>\n    indexedSteps.forEach(step => stepTest.call(this, state, step, rowData))\n  )\n  .then(() =>\n    resolveAndRunAfterHooks.call(this, scenario.tags, state.feature.name)\n  )\n  .then(() => state.onFinishScenario(scenario));",
              "err": {},
              "uuid": "c6608849-afd8-4bec-9f12-6febcc36efb2",
              "parentUUID": "43ac4110-f76d-4939-bd5e-f708f83ae797",
              "isHook": false,
              "skipped": false
            }
          ],
          "suites": [],
          "passes": [
            "689e3134-852d-4d81-9f73-6eff8577666c",
            "77213b4a-e8cd-456a-b59c-8dae6935c66d",
            "6354ce6b-1763-435c-a81d-2fc6e9a341b7",
            "1bf23e06-5167-448a-938b-c2bbb1d5705b",
            "4ba5b4a9-c9a2-4c92-84ca-325b6f80478b",
            "c6608849-afd8-4bec-9f12-6febcc36efb2"
          ],
          "failures": [
            "fef0e082-608a-4302-aa4f-ef50b86aab02",
            "28ac5fa6-5a3a-43ab-9d60-5ed9aa0e00e7"
          ],
          "pending": [],
          "skipped": [],
          "duration": 359224,
          "root": false,
          "rootEmpty": false,
          "_timeout": 2000
        }
      ],
      "passes": [],
      "failures": [],
      "pending": [],
      "skipped": [],
      "duration": 0,
      "root": true,
      "rootEmpty": true,
      "_timeout": 2000
    }
  ],
  "meta": {
    "mocha": {
      "version": "7.2.0"
    },
    "mochawesome": {
      "options": {
        "quiet": false,
        "reportFilename": "mochawesome",
        "saveHtml": false,
        "saveJson": true,
        "consoleReporter": "spec",
        "useInlineDiffs": false,
        "code": true
      },
      "version": "6.1.1"
    },
    "marge": {
      "options": {
        "reportDir": "cypress/reports/separate-reports",
        "overwrite": false,
        "html": false,
        "json": true
      },
      "version": "5.1.0"
    }
  }
}