{
  "stats": {
    "suites": 2,
    "tests": 20,
    "passes": 20,
    "pending": 0,
    "failures": 0,
    "start": "2020-06-20T01:45:51.304Z",
    "end": "2020-06-20T01:45:51.304Z",
    "duration": 402986,
    "testsRegistered": 20,
    "passPercent": 100,
    "pendingPercent": 0,
    "other": 0,
    "hasOther": false,
    "skipped": 0,
    "hasSkipped": false
  },
  "results": [
    {
      "uuid": "9b5c596f-546d-4b18-b860-c6cc33662962",
      "title": "",
      "fullFile": "cypress\\integration\\CoDSupervisorChecks.feature",
      "file": "cypress\\integration\\CoDSupervisorChecks.feature",
      "beforeHooks": [],
      "afterHooks": [],
      "tests": [],
      "suites": [
        {
          "uuid": "b517a2a6-cbff-4836-9bb4-c188150c45ae",
          "title": "Cloud on Demand checks - Supervisor",
          "fullFile": "",
          "file": "",
          "beforeHooks": [],
          "afterHooks": [],
          "tests": [
            {
              "title": "Verify if Portal Page loads with Portal Banner \"Ads\"",
              "fullTitle": "Cloud on Demand checks - Supervisor Verify if Portal Page loads with Portal Banner \"Ads\"",
              "timedOut": null,
              "duration": 19053,
              "state": "passed",
              "speed": "slow",
              "pass": true,
              "fail": false,
              "pending": false,
              "context": null,
              "code": "const state = window.testState;\nreturn cy\n  .then(() => state.onStartScenario(scenario, indexedSteps))\n  .then(() =>\n    resolveAndRunBeforeHooks.call(this, scenario.tags, state.feature.name)\n  )\n  .then(() =>\n    indexedSteps.forEach(step => stepTest.call(this, state, step, rowData))\n  )\n  .then(() =>\n    resolveAndRunAfterHooks.call(this, scenario.tags, state.feature.name)\n  )\n  .then(() => state.onFinishScenario(scenario));",
              "err": {},
              "uuid": "5f188991-294e-44a5-bf50-d8e1e768d725",
              "parentUUID": "b517a2a6-cbff-4836-9bb4-c188150c45ae",
              "isHook": false,
              "skipped": false
            },
            {
              "title": "As a Supervisor I have access to \"Skill Management\" (example #1)",
              "fullTitle": "Cloud on Demand checks - Supervisor As a Supervisor I have access to \"Skill Management\" (example #1)",
              "timedOut": null,
              "duration": 22497,
              "state": "passed",
              "speed": "slow",
              "pass": true,
              "fail": false,
              "pending": false,
              "context": null,
              "code": "const state = window.testState;\nreturn cy\n  .then(() => state.onStartScenario(scenario, indexedSteps))\n  .then(() =>\n    resolveAndRunBeforeHooks.call(this, scenario.tags, state.feature.name)\n  )\n  .then(() =>\n    indexedSteps.forEach(step => stepTest.call(this, state, step, rowData))\n  )\n  .then(() =>\n    resolveAndRunAfterHooks.call(this, scenario.tags, state.feature.name)\n  )\n  .then(() => state.onFinishScenario(scenario));",
              "err": {},
              "uuid": "8ebe1f98-948c-48bc-8d9a-732cab4a2fdb",
              "parentUUID": "b517a2a6-cbff-4836-9bb4-c188150c45ae",
              "isHook": false,
              "skipped": false
            },
            {
              "title": "As a Supervisor I have access to \"Virtual Queue\" (example #2)",
              "fullTitle": "Cloud on Demand checks - Supervisor As a Supervisor I have access to \"Virtual Queue\" (example #2)",
              "timedOut": null,
              "duration": 15458,
              "state": "passed",
              "speed": "slow",
              "pass": true,
              "fail": false,
              "pending": false,
              "context": null,
              "code": "const state = window.testState;\nreturn cy\n  .then(() => state.onStartScenario(scenario, indexedSteps))\n  .then(() =>\n    resolveAndRunBeforeHooks.call(this, scenario.tags, state.feature.name)\n  )\n  .then(() =>\n    indexedSteps.forEach(step => stepTest.call(this, state, step, rowData))\n  )\n  .then(() =>\n    resolveAndRunAfterHooks.call(this, scenario.tags, state.feature.name)\n  )\n  .then(() => state.onFinishScenario(scenario));",
              "err": {},
              "uuid": "df03433a-ea58-4228-92a4-409b01f86056",
              "parentUUID": "b517a2a6-cbff-4836-9bb4-c188150c45ae",
              "isHook": false,
              "skipped": false
            },
            {
              "title": "As a Supervisor I have access to \"Dashboards\" (example #3)",
              "fullTitle": "Cloud on Demand checks - Supervisor As a Supervisor I have access to \"Dashboards\" (example #3)",
              "timedOut": null,
              "duration": 15384,
              "state": "passed",
              "speed": "slow",
              "pass": true,
              "fail": false,
              "pending": false,
              "context": null,
              "code": "const state = window.testState;\nreturn cy\n  .then(() => state.onStartScenario(scenario, indexedSteps))\n  .then(() =>\n    resolveAndRunBeforeHooks.call(this, scenario.tags, state.feature.name)\n  )\n  .then(() =>\n    indexedSteps.forEach(step => stepTest.call(this, state, step, rowData))\n  )\n  .then(() =>\n    resolveAndRunAfterHooks.call(this, scenario.tags, state.feature.name)\n  )\n  .then(() => state.onFinishScenario(scenario));",
              "err": {},
              "uuid": "c3a14032-8df8-4099-b61b-68603a785d0e",
              "parentUUID": "b517a2a6-cbff-4836-9bb4-c188150c45ae",
              "isHook": false,
              "skipped": false
            },
            {
              "title": "As a Supervisor I have access to \"Real Time\" (example #4)",
              "fullTitle": "Cloud on Demand checks - Supervisor As a Supervisor I have access to \"Real Time\" (example #4)",
              "timedOut": null,
              "duration": 25377,
              "state": "passed",
              "speed": "slow",
              "pass": true,
              "fail": false,
              "pending": false,
              "context": null,
              "code": "const state = window.testState;\nreturn cy\n  .then(() => state.onStartScenario(scenario, indexedSteps))\n  .then(() =>\n    resolveAndRunBeforeHooks.call(this, scenario.tags, state.feature.name)\n  )\n  .then(() =>\n    indexedSteps.forEach(step => stepTest.call(this, state, step, rowData))\n  )\n  .then(() =>\n    resolveAndRunAfterHooks.call(this, scenario.tags, state.feature.name)\n  )\n  .then(() => state.onFinishScenario(scenario));",
              "err": {},
              "uuid": "f016d5cc-1bfd-4cc2-a3a0-a7ad9619c7c1",
              "parentUUID": "b517a2a6-cbff-4836-9bb4-c188150c45ae",
              "isHook": false,
              "skipped": false
            },
            {
              "title": "As a Supervisor I have access to \"Interaction Architect\" (example #5)",
              "fullTitle": "Cloud on Demand checks - Supervisor As a Supervisor I have access to \"Interaction Architect\" (example #5)",
              "timedOut": null,
              "duration": 15462,
              "state": "passed",
              "speed": "slow",
              "pass": true,
              "fail": false,
              "pending": false,
              "context": null,
              "code": "const state = window.testState;\nreturn cy\n  .then(() => state.onStartScenario(scenario, indexedSteps))\n  .then(() =>\n    resolveAndRunBeforeHooks.call(this, scenario.tags, state.feature.name)\n  )\n  .then(() =>\n    indexedSteps.forEach(step => stepTest.call(this, state, step, rowData))\n  )\n  .then(() =>\n    resolveAndRunAfterHooks.call(this, scenario.tags, state.feature.name)\n  )\n  .then(() => state.onFinishScenario(scenario));",
              "err": {},
              "uuid": "ee2a8e84-0eaf-471a-8a6b-92eb3c89472f",
              "parentUUID": "b517a2a6-cbff-4836-9bb4-c188150c45ae",
              "isHook": false,
              "skipped": false
            },
            {
              "title": "As a Supervisor I have access to \"Interaction Plan Management\" (example #6)",
              "fullTitle": "Cloud on Demand checks - Supervisor As a Supervisor I have access to \"Interaction Plan Management\" (example #6)",
              "timedOut": null,
              "duration": 13545,
              "state": "passed",
              "speed": "slow",
              "pass": true,
              "fail": false,
              "pending": false,
              "context": null,
              "code": "const state = window.testState;\nreturn cy\n  .then(() => state.onStartScenario(scenario, indexedSteps))\n  .then(() =>\n    resolveAndRunBeforeHooks.call(this, scenario.tags, state.feature.name)\n  )\n  .then(() =>\n    indexedSteps.forEach(step => stepTest.call(this, state, step, rowData))\n  )\n  .then(() =>\n    resolveAndRunAfterHooks.call(this, scenario.tags, state.feature.name)\n  )\n  .then(() => state.onFinishScenario(scenario));",
              "err": {},
              "uuid": "32448166-afb9-435c-9acc-69c7dc78bba2",
              "parentUUID": "b517a2a6-cbff-4836-9bb4-c188150c45ae",
              "isHook": false,
              "skipped": false
            },
            {
              "title": "As a Supervisor I have access to \"Stats and Reports\" (example #7)",
              "fullTitle": "Cloud on Demand checks - Supervisor As a Supervisor I have access to \"Stats and Reports\" (example #7)",
              "timedOut": null,
              "duration": 24682,
              "state": "passed",
              "speed": "slow",
              "pass": true,
              "fail": false,
              "pending": false,
              "context": null,
              "code": "const state = window.testState;\nreturn cy\n  .then(() => state.onStartScenario(scenario, indexedSteps))\n  .then(() =>\n    resolveAndRunBeforeHooks.call(this, scenario.tags, state.feature.name)\n  )\n  .then(() =>\n    indexedSteps.forEach(step => stepTest.call(this, state, step, rowData))\n  )\n  .then(() =>\n    resolveAndRunAfterHooks.call(this, scenario.tags, state.feature.name)\n  )\n  .then(() => state.onFinishScenario(scenario));",
              "err": {},
              "uuid": "ba1bf7bf-6a3e-4875-8690-2f54d71dc446",
              "parentUUID": "b517a2a6-cbff-4836-9bb4-c188150c45ae",
              "isHook": false,
              "skipped": false
            },
            {
              "title": "As a Supervisor I have access to \"IVR Data Collector\" (example #8)",
              "fullTitle": "Cloud on Demand checks - Supervisor As a Supervisor I have access to \"IVR Data Collector\" (example #8)",
              "timedOut": null,
              "duration": 15184,
              "state": "passed",
              "speed": "slow",
              "pass": true,
              "fail": false,
              "pending": false,
              "context": null,
              "code": "const state = window.testState;\nreturn cy\n  .then(() => state.onStartScenario(scenario, indexedSteps))\n  .then(() =>\n    resolveAndRunBeforeHooks.call(this, scenario.tags, state.feature.name)\n  )\n  .then(() =>\n    indexedSteps.forEach(step => stepTest.call(this, state, step, rowData))\n  )\n  .then(() =>\n    resolveAndRunAfterHooks.call(this, scenario.tags, state.feature.name)\n  )\n  .then(() => state.onFinishScenario(scenario));",
              "err": {},
              "uuid": "379c88b5-8cb1-40b3-af6e-1f020c4691ee",
              "parentUUID": "b517a2a6-cbff-4836-9bb4-c188150c45ae",
              "isHook": false,
              "skipped": false
            },
            {
              "title": "As a Supervisor I have access to \"Call Recordings\" (example #9)",
              "fullTitle": "Cloud on Demand checks - Supervisor As a Supervisor I have access to \"Call Recordings\" (example #9)",
              "timedOut": null,
              "duration": 21108,
              "state": "passed",
              "speed": "slow",
              "pass": true,
              "fail": false,
              "pending": false,
              "context": null,
              "code": "const state = window.testState;\nreturn cy\n  .then(() => state.onStartScenario(scenario, indexedSteps))\n  .then(() =>\n    resolveAndRunBeforeHooks.call(this, scenario.tags, state.feature.name)\n  )\n  .then(() =>\n    indexedSteps.forEach(step => stepTest.call(this, state, step, rowData))\n  )\n  .then(() =>\n    resolveAndRunAfterHooks.call(this, scenario.tags, state.feature.name)\n  )\n  .then(() => state.onFinishScenario(scenario));",
              "err": {},
              "uuid": "da552ffa-0ff7-49ed-b8a6-9759507b647d",
              "parentUUID": "b517a2a6-cbff-4836-9bb4-c188150c45ae",
              "isHook": false,
              "skipped": false
            },
            {
              "title": "As a Supervisor I have access to \"System Audit\" (example #10)",
              "fullTitle": "Cloud on Demand checks - Supervisor As a Supervisor I have access to \"System Audit\" (example #10)",
              "timedOut": null,
              "duration": 15340,
              "state": "passed",
              "speed": "slow",
              "pass": true,
              "fail": false,
              "pending": false,
              "context": null,
              "code": "const state = window.testState;\nreturn cy\n  .then(() => state.onStartScenario(scenario, indexedSteps))\n  .then(() =>\n    resolveAndRunBeforeHooks.call(this, scenario.tags, state.feature.name)\n  )\n  .then(() =>\n    indexedSteps.forEach(step => stepTest.call(this, state, step, rowData))\n  )\n  .then(() =>\n    resolveAndRunAfterHooks.call(this, scenario.tags, state.feature.name)\n  )\n  .then(() => state.onFinishScenario(scenario));",
              "err": {},
              "uuid": "b09a0baa-fdd5-47cd-a242-d944e2768587",
              "parentUUID": "b517a2a6-cbff-4836-9bb4-c188150c45ae",
              "isHook": false,
              "skipped": false
            },
            {
              "title": "As a Supervisor I have access to \"System Settings\" (example #11)",
              "fullTitle": "Cloud on Demand checks - Supervisor As a Supervisor I have access to \"System Settings\" (example #11)",
              "timedOut": null,
              "duration": 14511,
              "state": "passed",
              "speed": "slow",
              "pass": true,
              "fail": false,
              "pending": false,
              "context": null,
              "code": "const state = window.testState;\nreturn cy\n  .then(() => state.onStartScenario(scenario, indexedSteps))\n  .then(() =>\n    resolveAndRunBeforeHooks.call(this, scenario.tags, state.feature.name)\n  )\n  .then(() =>\n    indexedSteps.forEach(step => stepTest.call(this, state, step, rowData))\n  )\n  .then(() =>\n    resolveAndRunAfterHooks.call(this, scenario.tags, state.feature.name)\n  )\n  .then(() => state.onFinishScenario(scenario));",
              "err": {},
              "uuid": "b5dc6a05-71c9-4074-8202-46ee16c014c5",
              "parentUUID": "b517a2a6-cbff-4836-9bb4-c188150c45ae",
              "isHook": false,
              "skipped": false
            },
            {
              "title": "As a Supervisor I have access to \"User Admin\" (example #12)",
              "fullTitle": "Cloud on Demand checks - Supervisor As a Supervisor I have access to \"User Admin\" (example #12)",
              "timedOut": null,
              "duration": 14030,
              "state": "passed",
              "speed": "slow",
              "pass": true,
              "fail": false,
              "pending": false,
              "context": null,
              "code": "const state = window.testState;\nreturn cy\n  .then(() => state.onStartScenario(scenario, indexedSteps))\n  .then(() =>\n    resolveAndRunBeforeHooks.call(this, scenario.tags, state.feature.name)\n  )\n  .then(() =>\n    indexedSteps.forEach(step => stepTest.call(this, state, step, rowData))\n  )\n  .then(() =>\n    resolveAndRunAfterHooks.call(this, scenario.tags, state.feature.name)\n  )\n  .then(() => state.onFinishScenario(scenario));",
              "err": {},
              "uuid": "416e9a18-2ca2-45cb-9196-46a9c5f5ba14",
              "parentUUID": "b517a2a6-cbff-4836-9bb4-c188150c45ae",
              "isHook": false,
              "skipped": false
            },
            {
              "title": "As a Supervisor I have access to \"User Access\" (example #13)",
              "fullTitle": "Cloud on Demand checks - Supervisor As a Supervisor I have access to \"User Access\" (example #13)",
              "timedOut": null,
              "duration": 16074,
              "state": "passed",
              "speed": "slow",
              "pass": true,
              "fail": false,
              "pending": false,
              "context": null,
              "code": "const state = window.testState;\nreturn cy\n  .then(() => state.onStartScenario(scenario, indexedSteps))\n  .then(() =>\n    resolveAndRunBeforeHooks.call(this, scenario.tags, state.feature.name)\n  )\n  .then(() =>\n    indexedSteps.forEach(step => stepTest.call(this, state, step, rowData))\n  )\n  .then(() =>\n    resolveAndRunAfterHooks.call(this, scenario.tags, state.feature.name)\n  )\n  .then(() => state.onFinishScenario(scenario));",
              "err": {},
              "uuid": "209fca2c-2b4a-45e8-b73b-39fdeb0672f2",
              "parentUUID": "b517a2a6-cbff-4836-9bb4-c188150c45ae",
              "isHook": false,
              "skipped": false
            },
            {
              "title": "As a Supervisor I have access to \"API Admin\" (example #14)",
              "fullTitle": "Cloud on Demand checks - Supervisor As a Supervisor I have access to \"API Admin\" (example #14)",
              "timedOut": null,
              "duration": 14174,
              "state": "passed",
              "speed": "slow",
              "pass": true,
              "fail": false,
              "pending": false,
              "context": null,
              "code": "const state = window.testState;\nreturn cy\n  .then(() => state.onStartScenario(scenario, indexedSteps))\n  .then(() =>\n    resolveAndRunBeforeHooks.call(this, scenario.tags, state.feature.name)\n  )\n  .then(() =>\n    indexedSteps.forEach(step => stepTest.call(this, state, step, rowData))\n  )\n  .then(() =>\n    resolveAndRunAfterHooks.call(this, scenario.tags, state.feature.name)\n  )\n  .then(() => state.onFinishScenario(scenario));",
              "err": {},
              "uuid": "95770cb3-8bea-456c-89d9-e0712db749f5",
              "parentUUID": "b517a2a6-cbff-4836-9bb4-c188150c45ae",
              "isHook": false,
              "skipped": false
            },
            {
              "title": "As a Supervisor I have access to \"Salesforce Administration\" (example #15)",
              "fullTitle": "Cloud on Demand checks - Supervisor As a Supervisor I have access to \"Salesforce Administration\" (example #15)",
              "timedOut": null,
              "duration": 16090,
              "state": "passed",
              "speed": "slow",
              "pass": true,
              "fail": false,
              "pending": false,
              "context": null,
              "code": "const state = window.testState;\nreturn cy\n  .then(() => state.onStartScenario(scenario, indexedSteps))\n  .then(() =>\n    resolveAndRunBeforeHooks.call(this, scenario.tags, state.feature.name)\n  )\n  .then(() =>\n    indexedSteps.forEach(step => stepTest.call(this, state, step, rowData))\n  )\n  .then(() =>\n    resolveAndRunAfterHooks.call(this, scenario.tags, state.feature.name)\n  )\n  .then(() => state.onFinishScenario(scenario));",
              "err": {},
              "uuid": "8bf13f84-5961-4adb-84b3-a05c3ae231c7",
              "parentUUID": "b517a2a6-cbff-4836-9bb4-c188150c45ae",
              "isHook": false,
              "skipped": false
            },
            {
              "title": "As a Supervisor I have access to \"Cadence\" (example #16)",
              "fullTitle": "Cloud on Demand checks - Supervisor As a Supervisor I have access to \"Cadence\" (example #16)",
              "timedOut": null,
              "duration": 18250,
              "state": "passed",
              "speed": "slow",
              "pass": true,
              "fail": false,
              "pending": false,
              "context": null,
              "code": "const state = window.testState;\nreturn cy\n  .then(() => state.onStartScenario(scenario, indexedSteps))\n  .then(() =>\n    resolveAndRunBeforeHooks.call(this, scenario.tags, state.feature.name)\n  )\n  .then(() =>\n    indexedSteps.forEach(step => stepTest.call(this, state, step, rowData))\n  )\n  .then(() =>\n    resolveAndRunAfterHooks.call(this, scenario.tags, state.feature.name)\n  )\n  .then(() => state.onFinishScenario(scenario));",
              "err": {},
              "uuid": "87d190ef-44da-44d1-bc9c-e1a10b08b440",
              "parentUUID": "b517a2a6-cbff-4836-9bb4-c188150c45ae",
              "isHook": false,
              "skipped": false
            }
          ],
          "suites": [],
          "passes": [
            "5f188991-294e-44a5-bf50-d8e1e768d725",
            "8ebe1f98-948c-48bc-8d9a-732cab4a2fdb",
            "df03433a-ea58-4228-92a4-409b01f86056",
            "c3a14032-8df8-4099-b61b-68603a785d0e",
            "f016d5cc-1bfd-4cc2-a3a0-a7ad9619c7c1",
            "ee2a8e84-0eaf-471a-8a6b-92eb3c89472f",
            "32448166-afb9-435c-9acc-69c7dc78bba2",
            "ba1bf7bf-6a3e-4875-8690-2f54d71dc446",
            "379c88b5-8cb1-40b3-af6e-1f020c4691ee",
            "da552ffa-0ff7-49ed-b8a6-9759507b647d",
            "b09a0baa-fdd5-47cd-a242-d944e2768587",
            "b5dc6a05-71c9-4074-8202-46ee16c014c5",
            "416e9a18-2ca2-45cb-9196-46a9c5f5ba14",
            "209fca2c-2b4a-45e8-b73b-39fdeb0672f2",
            "95770cb3-8bea-456c-89d9-e0712db749f5",
            "8bf13f84-5961-4adb-84b3-a05c3ae231c7",
            "87d190ef-44da-44d1-bc9c-e1a10b08b440"
          ],
          "failures": [],
          "pending": [],
          "skipped": [],
          "duration": 296219,
          "root": false,
          "rootEmpty": false,
          "_timeout": 2000
        }
      ],
      "passes": [],
      "failures": [],
      "pending": [],
      "skipped": [],
      "duration": 0,
      "root": true,
      "rootEmpty": true,
      "_timeout": 2000
    },
    {
      "uuid": "c8bd9fd2-ff5b-47f4-8bd0-106a54a3b17d",
      "title": "",
      "fullFile": "cypress\\integration\\CoDAgentChecks.feature",
      "file": "cypress\\integration\\CoDAgentChecks.feature",
      "beforeHooks": [],
      "afterHooks": [],
      "tests": [],
      "suites": [
        {
          "uuid": "525a0c40-1e68-46d6-ad9f-79f65771d50f",
          "title": "Cloud on Demand checks - Agent",
          "fullFile": "",
          "file": "",
          "beforeHooks": [],
          "afterHooks": [],
          "tests": [
            {
              "title": "Agent presence can be change from Ready to Away & Away to Ready",
              "fullTitle": "Cloud on Demand checks - Agent Agent presence can be change from Ready to Away & Away to Ready",
              "timedOut": null,
              "duration": 40346,
              "state": "passed",
              "speed": "slow",
              "pass": true,
              "fail": false,
              "pending": false,
              "context": null,
              "code": "const state = window.testState;\nreturn cy\n  .then(() => state.onStartScenario(scenario, indexedSteps))\n  .then(() =>\n    resolveAndRunBeforeHooks.call(this, scenario.tags, state.feature.name)\n  )\n  .then(() =>\n    indexedSteps.forEach(step => stepTest.call(this, state, step, rowData))\n  )\n  .then(() =>\n    resolveAndRunAfterHooks.call(this, scenario.tags, state.feature.name)\n  )\n  .then(() => state.onFinishScenario(scenario));",
              "err": {},
              "uuid": "4b4bb440-2cdf-4d09-8bdc-995a1fc958ed",
              "parentUUID": "525a0c40-1e68-46d6-ad9f-79f65771d50f",
              "isHook": false,
              "skipped": false
            },
            {
              "title": "Agent Telephone number can be set via Settings",
              "fullTitle": "Cloud on Demand checks - Agent Agent Telephone number can be set via Settings",
              "timedOut": null,
              "duration": 34945,
              "state": "passed",
              "speed": "slow",
              "pass": true,
              "fail": false,
              "pending": false,
              "context": null,
              "code": "const state = window.testState;\nreturn cy\n  .then(() => state.onStartScenario(scenario, indexedSteps))\n  .then(() =>\n    resolveAndRunBeforeHooks.call(this, scenario.tags, state.feature.name)\n  )\n  .then(() =>\n    indexedSteps.forEach(step => stepTest.call(this, state, step, rowData))\n  )\n  .then(() =>\n    resolveAndRunAfterHooks.call(this, scenario.tags, state.feature.name)\n  )\n  .then(() => state.onFinishScenario(scenario));",
              "err": {},
              "uuid": "70c85e2b-66ef-4416-a68e-8820f04609c4",
              "parentUUID": "525a0c40-1e68-46d6-ad9f-79f65771d50f",
              "isHook": false,
              "skipped": false
            },
            {
              "title": "Agent can navigate through Info tab, Call History tab, Call in Queue tab",
              "fullTitle": "Cloud on Demand checks - Agent Agent can navigate through Info tab, Call History tab, Call in Queue tab",
              "timedOut": null,
              "duration": 31476,
              "state": "passed",
              "speed": "slow",
              "pass": true,
              "fail": false,
              "pending": false,
              "context": null,
              "code": "const state = window.testState;\nreturn cy\n  .then(() => state.onStartScenario(scenario, indexedSteps))\n  .then(() =>\n    resolveAndRunBeforeHooks.call(this, scenario.tags, state.feature.name)\n  )\n  .then(() =>\n    indexedSteps.forEach(step => stepTest.call(this, state, step, rowData))\n  )\n  .then(() =>\n    resolveAndRunAfterHooks.call(this, scenario.tags, state.feature.name)\n  )\n  .then(() => state.onFinishScenario(scenario));",
              "err": {},
              "uuid": "622d7f61-5415-4e44-ad9c-a40e87391f69",
              "parentUUID": "525a0c40-1e68-46d6-ad9f-79f65771d50f",
              "isHook": false,
              "skipped": false
            }
          ],
          "suites": [],
          "passes": [
            "4b4bb440-2cdf-4d09-8bdc-995a1fc958ed",
            "70c85e2b-66ef-4416-a68e-8820f04609c4",
            "622d7f61-5415-4e44-ad9c-a40e87391f69"
          ],
          "failures": [],
          "pending": [],
          "skipped": [],
          "duration": 106767,
          "root": false,
          "rootEmpty": false,
          "_timeout": 2000
        }
      ],
      "passes": [],
      "failures": [],
      "pending": [],
      "skipped": [],
      "duration": 0,
      "root": true,
      "rootEmpty": true,
      "_timeout": 2000
    }
  ],
  "meta": {
    "mocha": {
      "version": "7.2.0"
    },
    "mochawesome": {
      "options": {
        "quiet": false,
        "reportFilename": "mochawesome",
        "saveHtml": false,
        "saveJson": true,
        "consoleReporter": "spec",
        "useInlineDiffs": false,
        "code": true
      },
      "version": "6.1.1"
    },
    "marge": {
      "options": {
        "reportDir": "cypress/reports/separate-reports",
        "overwrite": false,
        "html": false,
        "json": true
      },
      "version": "5.1.0"
    }
  }
}