{
  "stats": {
    "suites": 2,
    "tests": 20,
    "passes": 20,
    "pending": 0,
    "failures": 0,
    "start": "2020-06-19T08:17:35.086Z",
    "end": "2020-06-19T08:17:35.086Z",
    "duration": 428342,
    "testsRegistered": 20,
    "passPercent": 100,
    "pendingPercent": 0,
    "other": 0,
    "hasOther": false,
    "skipped": 0,
    "hasSkipped": false
  },
  "results": [
    {
      "uuid": "501ffb04-fb42-4b7a-b5d8-f6c2764aa266",
      "title": "",
      "fullFile": "cypress\\integration\\CoDSupervisorChecks.feature",
      "file": "cypress\\integration\\CoDSupervisorChecks.feature",
      "beforeHooks": [],
      "afterHooks": [],
      "tests": [],
      "suites": [
        {
          "uuid": "5ee1950d-9ef6-4c99-8df2-882c791f2f50",
          "title": "Cloud on Demand checks - Supervisor",
          "fullFile": "",
          "file": "",
          "beforeHooks": [],
          "afterHooks": [],
          "tests": [
            {
              "title": "Verify if Portal Page loads with Portal Banner \"Ads\"",
              "fullTitle": "Cloud on Demand checks - Supervisor Verify if Portal Page loads with Portal Banner \"Ads\"",
              "timedOut": null,
              "duration": 20137,
              "state": "passed",
              "speed": "slow",
              "pass": true,
              "fail": false,
              "pending": false,
              "context": null,
              "code": "const state = window.testState;\nreturn cy\n  .then(() => state.onStartScenario(scenario, indexedSteps))\n  .then(() =>\n    resolveAndRunBeforeHooks.call(this, scenario.tags, state.feature.name)\n  )\n  .then(() =>\n    indexedSteps.forEach(step => stepTest.call(this, state, step, rowData))\n  )\n  .then(() =>\n    resolveAndRunAfterHooks.call(this, scenario.tags, state.feature.name)\n  )\n  .then(() => state.onFinishScenario(scenario));",
              "err": {},
              "uuid": "af42b98f-7d8d-4046-834f-f312521eb741",
              "parentUUID": "5ee1950d-9ef6-4c99-8df2-882c791f2f50",
              "isHook": false,
              "skipped": false
            },
            {
              "title": "As a Supervisor I have access to \"Skill Management\" (example #1)",
              "fullTitle": "Cloud on Demand checks - Supervisor As a Supervisor I have access to \"Skill Management\" (example #1)",
              "timedOut": null,
              "duration": 23675,
              "state": "passed",
              "speed": "slow",
              "pass": true,
              "fail": false,
              "pending": false,
              "context": null,
              "code": "const state = window.testState;\nreturn cy\n  .then(() => state.onStartScenario(scenario, indexedSteps))\n  .then(() =>\n    resolveAndRunBeforeHooks.call(this, scenario.tags, state.feature.name)\n  )\n  .then(() =>\n    indexedSteps.forEach(step => stepTest.call(this, state, step, rowData))\n  )\n  .then(() =>\n    resolveAndRunAfterHooks.call(this, scenario.tags, state.feature.name)\n  )\n  .then(() => state.onFinishScenario(scenario));",
              "err": {},
              "uuid": "c075a3c6-7807-4eca-9e5c-3a6fb4794ae7",
              "parentUUID": "5ee1950d-9ef6-4c99-8df2-882c791f2f50",
              "isHook": false,
              "skipped": false
            },
            {
              "title": "As a Supervisor I have access to \"Virtual Queue\" (example #2)",
              "fullTitle": "Cloud on Demand checks - Supervisor As a Supervisor I have access to \"Virtual Queue\" (example #2)",
              "timedOut": null,
              "duration": 15745,
              "state": "passed",
              "speed": "slow",
              "pass": true,
              "fail": false,
              "pending": false,
              "context": null,
              "code": "const state = window.testState;\nreturn cy\n  .then(() => state.onStartScenario(scenario, indexedSteps))\n  .then(() =>\n    resolveAndRunBeforeHooks.call(this, scenario.tags, state.feature.name)\n  )\n  .then(() =>\n    indexedSteps.forEach(step => stepTest.call(this, state, step, rowData))\n  )\n  .then(() =>\n    resolveAndRunAfterHooks.call(this, scenario.tags, state.feature.name)\n  )\n  .then(() => state.onFinishScenario(scenario));",
              "err": {},
              "uuid": "e9d46fdc-f6b6-4e23-b72a-1fc8f77baf8d",
              "parentUUID": "5ee1950d-9ef6-4c99-8df2-882c791f2f50",
              "isHook": false,
              "skipped": false
            },
            {
              "title": "As a Supervisor I have access to \"Dashboards\" (example #3)",
              "fullTitle": "Cloud on Demand checks - Supervisor As a Supervisor I have access to \"Dashboards\" (example #3)",
              "timedOut": null,
              "duration": 15766,
              "state": "passed",
              "speed": "slow",
              "pass": true,
              "fail": false,
              "pending": false,
              "context": null,
              "code": "const state = window.testState;\nreturn cy\n  .then(() => state.onStartScenario(scenario, indexedSteps))\n  .then(() =>\n    resolveAndRunBeforeHooks.call(this, scenario.tags, state.feature.name)\n  )\n  .then(() =>\n    indexedSteps.forEach(step => stepTest.call(this, state, step, rowData))\n  )\n  .then(() =>\n    resolveAndRunAfterHooks.call(this, scenario.tags, state.feature.name)\n  )\n  .then(() => state.onFinishScenario(scenario));",
              "err": {},
              "uuid": "6f0f7416-1b57-4d9c-85f3-ff22e1437e3a",
              "parentUUID": "5ee1950d-9ef6-4c99-8df2-882c791f2f50",
              "isHook": false,
              "skipped": false
            },
            {
              "title": "As a Supervisor I have access to \"Real Time\" (example #4)",
              "fullTitle": "Cloud on Demand checks - Supervisor As a Supervisor I have access to \"Real Time\" (example #4)",
              "timedOut": null,
              "duration": 31609,
              "state": "passed",
              "speed": "slow",
              "pass": true,
              "fail": false,
              "pending": false,
              "context": null,
              "code": "const state = window.testState;\nreturn cy\n  .then(() => state.onStartScenario(scenario, indexedSteps))\n  .then(() =>\n    resolveAndRunBeforeHooks.call(this, scenario.tags, state.feature.name)\n  )\n  .then(() =>\n    indexedSteps.forEach(step => stepTest.call(this, state, step, rowData))\n  )\n  .then(() =>\n    resolveAndRunAfterHooks.call(this, scenario.tags, state.feature.name)\n  )\n  .then(() => state.onFinishScenario(scenario));",
              "err": {},
              "uuid": "15a81540-2644-409f-ba88-26726e2054a1",
              "parentUUID": "5ee1950d-9ef6-4c99-8df2-882c791f2f50",
              "isHook": false,
              "skipped": false
            },
            {
              "title": "As a Supervisor I have access to \"Interaction Architect\" (example #5)",
              "fullTitle": "Cloud on Demand checks - Supervisor As a Supervisor I have access to \"Interaction Architect\" (example #5)",
              "timedOut": null,
              "duration": 18099,
              "state": "passed",
              "speed": "slow",
              "pass": true,
              "fail": false,
              "pending": false,
              "context": null,
              "code": "const state = window.testState;\nreturn cy\n  .then(() => state.onStartScenario(scenario, indexedSteps))\n  .then(() =>\n    resolveAndRunBeforeHooks.call(this, scenario.tags, state.feature.name)\n  )\n  .then(() =>\n    indexedSteps.forEach(step => stepTest.call(this, state, step, rowData))\n  )\n  .then(() =>\n    resolveAndRunAfterHooks.call(this, scenario.tags, state.feature.name)\n  )\n  .then(() => state.onFinishScenario(scenario));",
              "err": {},
              "uuid": "79934293-3058-4ee6-9d6b-698660c3b92d",
              "parentUUID": "5ee1950d-9ef6-4c99-8df2-882c791f2f50",
              "isHook": false,
              "skipped": false
            },
            {
              "title": "As a Supervisor I have access to \"Interaction Plan Management\" (example #6)",
              "fullTitle": "Cloud on Demand checks - Supervisor As a Supervisor I have access to \"Interaction Plan Management\" (example #6)",
              "timedOut": null,
              "duration": 16909,
              "state": "passed",
              "speed": "slow",
              "pass": true,
              "fail": false,
              "pending": false,
              "context": null,
              "code": "const state = window.testState;\nreturn cy\n  .then(() => state.onStartScenario(scenario, indexedSteps))\n  .then(() =>\n    resolveAndRunBeforeHooks.call(this, scenario.tags, state.feature.name)\n  )\n  .then(() =>\n    indexedSteps.forEach(step => stepTest.call(this, state, step, rowData))\n  )\n  .then(() =>\n    resolveAndRunAfterHooks.call(this, scenario.tags, state.feature.name)\n  )\n  .then(() => state.onFinishScenario(scenario));",
              "err": {},
              "uuid": "0dc2d5c2-90fb-4548-8da4-1b2913086e93",
              "parentUUID": "5ee1950d-9ef6-4c99-8df2-882c791f2f50",
              "isHook": false,
              "skipped": false
            },
            {
              "title": "As a Supervisor I have access to \"Stats and Reports\" (example #7)",
              "fullTitle": "Cloud on Demand checks - Supervisor As a Supervisor I have access to \"Stats and Reports\" (example #7)",
              "timedOut": null,
              "duration": 22128,
              "state": "passed",
              "speed": "slow",
              "pass": true,
              "fail": false,
              "pending": false,
              "context": null,
              "code": "const state = window.testState;\nreturn cy\n  .then(() => state.onStartScenario(scenario, indexedSteps))\n  .then(() =>\n    resolveAndRunBeforeHooks.call(this, scenario.tags, state.feature.name)\n  )\n  .then(() =>\n    indexedSteps.forEach(step => stepTest.call(this, state, step, rowData))\n  )\n  .then(() =>\n    resolveAndRunAfterHooks.call(this, scenario.tags, state.feature.name)\n  )\n  .then(() => state.onFinishScenario(scenario));",
              "err": {},
              "uuid": "070731bd-0f20-47ab-80b1-bb0864595596",
              "parentUUID": "5ee1950d-9ef6-4c99-8df2-882c791f2f50",
              "isHook": false,
              "skipped": false
            },
            {
              "title": "As a Supervisor I have access to \"IVR Data Collector\" (example #8)",
              "fullTitle": "Cloud on Demand checks - Supervisor As a Supervisor I have access to \"IVR Data Collector\" (example #8)",
              "timedOut": null,
              "duration": 15770,
              "state": "passed",
              "speed": "slow",
              "pass": true,
              "fail": false,
              "pending": false,
              "context": null,
              "code": "const state = window.testState;\nreturn cy\n  .then(() => state.onStartScenario(scenario, indexedSteps))\n  .then(() =>\n    resolveAndRunBeforeHooks.call(this, scenario.tags, state.feature.name)\n  )\n  .then(() =>\n    indexedSteps.forEach(step => stepTest.call(this, state, step, rowData))\n  )\n  .then(() =>\n    resolveAndRunAfterHooks.call(this, scenario.tags, state.feature.name)\n  )\n  .then(() => state.onFinishScenario(scenario));",
              "err": {},
              "uuid": "3931f516-cf66-47c5-8b38-9e76904be3ad",
              "parentUUID": "5ee1950d-9ef6-4c99-8df2-882c791f2f50",
              "isHook": false,
              "skipped": false
            },
            {
              "title": "As a Supervisor I have access to \"Call Recordings\" (example #9)",
              "fullTitle": "Cloud on Demand checks - Supervisor As a Supervisor I have access to \"Call Recordings\" (example #9)",
              "timedOut": null,
              "duration": 17031,
              "state": "passed",
              "speed": "slow",
              "pass": true,
              "fail": false,
              "pending": false,
              "context": null,
              "code": "const state = window.testState;\nreturn cy\n  .then(() => state.onStartScenario(scenario, indexedSteps))\n  .then(() =>\n    resolveAndRunBeforeHooks.call(this, scenario.tags, state.feature.name)\n  )\n  .then(() =>\n    indexedSteps.forEach(step => stepTest.call(this, state, step, rowData))\n  )\n  .then(() =>\n    resolveAndRunAfterHooks.call(this, scenario.tags, state.feature.name)\n  )\n  .then(() => state.onFinishScenario(scenario));",
              "err": {},
              "uuid": "a1b9e037-f749-4470-802b-403bfeaaa99d",
              "parentUUID": "5ee1950d-9ef6-4c99-8df2-882c791f2f50",
              "isHook": false,
              "skipped": false
            },
            {
              "title": "As a Supervisor I have access to \"System Audit\" (example #10)",
              "fullTitle": "Cloud on Demand checks - Supervisor As a Supervisor I have access to \"System Audit\" (example #10)",
              "timedOut": null,
              "duration": 20485,
              "state": "passed",
              "speed": "slow",
              "pass": true,
              "fail": false,
              "pending": false,
              "context": null,
              "code": "const state = window.testState;\nreturn cy\n  .then(() => state.onStartScenario(scenario, indexedSteps))\n  .then(() =>\n    resolveAndRunBeforeHooks.call(this, scenario.tags, state.feature.name)\n  )\n  .then(() =>\n    indexedSteps.forEach(step => stepTest.call(this, state, step, rowData))\n  )\n  .then(() =>\n    resolveAndRunAfterHooks.call(this, scenario.tags, state.feature.name)\n  )\n  .then(() => state.onFinishScenario(scenario));",
              "err": {},
              "uuid": "fa92f518-dcbc-4f78-af2a-c29a3241b187",
              "parentUUID": "5ee1950d-9ef6-4c99-8df2-882c791f2f50",
              "isHook": false,
              "skipped": false
            },
            {
              "title": "As a Supervisor I have access to \"System Settings\" (example #11)",
              "fullTitle": "Cloud on Demand checks - Supervisor As a Supervisor I have access to \"System Settings\" (example #11)",
              "timedOut": null,
              "duration": 14383,
              "state": "passed",
              "speed": "slow",
              "pass": true,
              "fail": false,
              "pending": false,
              "context": null,
              "code": "const state = window.testState;\nreturn cy\n  .then(() => state.onStartScenario(scenario, indexedSteps))\n  .then(() =>\n    resolveAndRunBeforeHooks.call(this, scenario.tags, state.feature.name)\n  )\n  .then(() =>\n    indexedSteps.forEach(step => stepTest.call(this, state, step, rowData))\n  )\n  .then(() =>\n    resolveAndRunAfterHooks.call(this, scenario.tags, state.feature.name)\n  )\n  .then(() => state.onFinishScenario(scenario));",
              "err": {},
              "uuid": "6d66815b-bfd8-4441-8773-a0f78ca09acb",
              "parentUUID": "5ee1950d-9ef6-4c99-8df2-882c791f2f50",
              "isHook": false,
              "skipped": false
            },
            {
              "title": "As a Supervisor I have access to \"User Admin\" (example #12)",
              "fullTitle": "Cloud on Demand checks - Supervisor As a Supervisor I have access to \"User Admin\" (example #12)",
              "timedOut": null,
              "duration": 14140,
              "state": "passed",
              "speed": "slow",
              "pass": true,
              "fail": false,
              "pending": false,
              "context": null,
              "code": "const state = window.testState;\nreturn cy\n  .then(() => state.onStartScenario(scenario, indexedSteps))\n  .then(() =>\n    resolveAndRunBeforeHooks.call(this, scenario.tags, state.feature.name)\n  )\n  .then(() =>\n    indexedSteps.forEach(step => stepTest.call(this, state, step, rowData))\n  )\n  .then(() =>\n    resolveAndRunAfterHooks.call(this, scenario.tags, state.feature.name)\n  )\n  .then(() => state.onFinishScenario(scenario));",
              "err": {},
              "uuid": "c19f6e74-3917-4d0f-909b-6bca21f69c6e",
              "parentUUID": "5ee1950d-9ef6-4c99-8df2-882c791f2f50",
              "isHook": false,
              "skipped": false
            },
            {
              "title": "As a Supervisor I have access to \"User Access\" (example #13)",
              "fullTitle": "Cloud on Demand checks - Supervisor As a Supervisor I have access to \"User Access\" (example #13)",
              "timedOut": null,
              "duration": 22242,
              "state": "passed",
              "speed": "slow",
              "pass": true,
              "fail": false,
              "pending": false,
              "context": null,
              "code": "const state = window.testState;\nreturn cy\n  .then(() => state.onStartScenario(scenario, indexedSteps))\n  .then(() =>\n    resolveAndRunBeforeHooks.call(this, scenario.tags, state.feature.name)\n  )\n  .then(() =>\n    indexedSteps.forEach(step => stepTest.call(this, state, step, rowData))\n  )\n  .then(() =>\n    resolveAndRunAfterHooks.call(this, scenario.tags, state.feature.name)\n  )\n  .then(() => state.onFinishScenario(scenario));",
              "err": {},
              "uuid": "55dd5f69-cd70-4a2c-84b4-6549e57ab2b9",
              "parentUUID": "5ee1950d-9ef6-4c99-8df2-882c791f2f50",
              "isHook": false,
              "skipped": false
            },
            {
              "title": "As a Supervisor I have access to \"API Admin\" (example #14)",
              "fullTitle": "Cloud on Demand checks - Supervisor As a Supervisor I have access to \"API Admin\" (example #14)",
              "timedOut": null,
              "duration": 15451,
              "state": "passed",
              "speed": "slow",
              "pass": true,
              "fail": false,
              "pending": false,
              "context": null,
              "code": "const state = window.testState;\nreturn cy\n  .then(() => state.onStartScenario(scenario, indexedSteps))\n  .then(() =>\n    resolveAndRunBeforeHooks.call(this, scenario.tags, state.feature.name)\n  )\n  .then(() =>\n    indexedSteps.forEach(step => stepTest.call(this, state, step, rowData))\n  )\n  .then(() =>\n    resolveAndRunAfterHooks.call(this, scenario.tags, state.feature.name)\n  )\n  .then(() => state.onFinishScenario(scenario));",
              "err": {},
              "uuid": "e0661b0a-05f6-412e-a10e-062e844c3645",
              "parentUUID": "5ee1950d-9ef6-4c99-8df2-882c791f2f50",
              "isHook": false,
              "skipped": false
            },
            {
              "title": "As a Supervisor I have access to \"Salesforce Administration\" (example #15)",
              "fullTitle": "Cloud on Demand checks - Supervisor As a Supervisor I have access to \"Salesforce Administration\" (example #15)",
              "timedOut": null,
              "duration": 16859,
              "state": "passed",
              "speed": "slow",
              "pass": true,
              "fail": false,
              "pending": false,
              "context": null,
              "code": "const state = window.testState;\nreturn cy\n  .then(() => state.onStartScenario(scenario, indexedSteps))\n  .then(() =>\n    resolveAndRunBeforeHooks.call(this, scenario.tags, state.feature.name)\n  )\n  .then(() =>\n    indexedSteps.forEach(step => stepTest.call(this, state, step, rowData))\n  )\n  .then(() =>\n    resolveAndRunAfterHooks.call(this, scenario.tags, state.feature.name)\n  )\n  .then(() => state.onFinishScenario(scenario));",
              "err": {},
              "uuid": "9d66eee9-5f5c-4c32-9db5-2afa78c9499f",
              "parentUUID": "5ee1950d-9ef6-4c99-8df2-882c791f2f50",
              "isHook": false,
              "skipped": false
            },
            {
              "title": "As a Supervisor I have access to \"Cadence\" (example #16)",
              "fullTitle": "Cloud on Demand checks - Supervisor As a Supervisor I have access to \"Cadence\" (example #16)",
              "timedOut": null,
              "duration": 14605,
              "state": "passed",
              "speed": "slow",
              "pass": true,
              "fail": false,
              "pending": false,
              "context": null,
              "code": "const state = window.testState;\nreturn cy\n  .then(() => state.onStartScenario(scenario, indexedSteps))\n  .then(() =>\n    resolveAndRunBeforeHooks.call(this, scenario.tags, state.feature.name)\n  )\n  .then(() =>\n    indexedSteps.forEach(step => stepTest.call(this, state, step, rowData))\n  )\n  .then(() =>\n    resolveAndRunAfterHooks.call(this, scenario.tags, state.feature.name)\n  )\n  .then(() => state.onFinishScenario(scenario));",
              "err": {},
              "uuid": "da58462e-4492-47d5-88a2-d46e7e14485f",
              "parentUUID": "5ee1950d-9ef6-4c99-8df2-882c791f2f50",
              "isHook": false,
              "skipped": false
            }
          ],
          "suites": [],
          "passes": [
            "af42b98f-7d8d-4046-834f-f312521eb741",
            "c075a3c6-7807-4eca-9e5c-3a6fb4794ae7",
            "e9d46fdc-f6b6-4e23-b72a-1fc8f77baf8d",
            "6f0f7416-1b57-4d9c-85f3-ff22e1437e3a",
            "15a81540-2644-409f-ba88-26726e2054a1",
            "79934293-3058-4ee6-9d6b-698660c3b92d",
            "0dc2d5c2-90fb-4548-8da4-1b2913086e93",
            "070731bd-0f20-47ab-80b1-bb0864595596",
            "3931f516-cf66-47c5-8b38-9e76904be3ad",
            "a1b9e037-f749-4470-802b-403bfeaaa99d",
            "fa92f518-dcbc-4f78-af2a-c29a3241b187",
            "6d66815b-bfd8-4441-8773-a0f78ca09acb",
            "c19f6e74-3917-4d0f-909b-6bca21f69c6e",
            "55dd5f69-cd70-4a2c-84b4-6549e57ab2b9",
            "e0661b0a-05f6-412e-a10e-062e844c3645",
            "9d66eee9-5f5c-4c32-9db5-2afa78c9499f",
            "da58462e-4492-47d5-88a2-d46e7e14485f"
          ],
          "failures": [],
          "pending": [],
          "skipped": [],
          "duration": 315034,
          "root": false,
          "rootEmpty": false,
          "_timeout": 2000
        }
      ],
      "passes": [],
      "failures": [],
      "pending": [],
      "skipped": [],
      "duration": 0,
      "root": true,
      "rootEmpty": true,
      "_timeout": 2000
    },
    {
      "uuid": "3e4f62c4-bac3-4f52-b51a-c81daee6fda3",
      "title": "",
      "fullFile": "cypress\\integration\\CoDAgentChecks.feature",
      "file": "cypress\\integration\\CoDAgentChecks.feature",
      "beforeHooks": [],
      "afterHooks": [],
      "tests": [],
      "suites": [
        {
          "uuid": "ae71a477-44fd-4bba-bcce-46e84b09c338",
          "title": "Cloud on Demand checks - Agent",
          "fullFile": "",
          "file": "",
          "beforeHooks": [],
          "afterHooks": [],
          "tests": [
            {
              "title": "Agent presence can be change from Ready to Away & Away to Ready",
              "fullTitle": "Cloud on Demand checks - Agent Agent presence can be change from Ready to Away & Away to Ready",
              "timedOut": null,
              "duration": 46066,
              "state": "passed",
              "speed": "slow",
              "pass": true,
              "fail": false,
              "pending": false,
              "context": null,
              "code": "const state = window.testState;\nreturn cy\n  .then(() => state.onStartScenario(scenario, indexedSteps))\n  .then(() =>\n    resolveAndRunBeforeHooks.call(this, scenario.tags, state.feature.name)\n  )\n  .then(() =>\n    indexedSteps.forEach(step => stepTest.call(this, state, step, rowData))\n  )\n  .then(() =>\n    resolveAndRunAfterHooks.call(this, scenario.tags, state.feature.name)\n  )\n  .then(() => state.onFinishScenario(scenario));",
              "err": {},
              "uuid": "8871ade4-0b53-4df6-ae2d-ce276cf613eb",
              "parentUUID": "ae71a477-44fd-4bba-bcce-46e84b09c338",
              "isHook": false,
              "skipped": false
            },
            {
              "title": "Agent Telephone number can be set via Settings",
              "fullTitle": "Cloud on Demand checks - Agent Agent Telephone number can be set via Settings",
              "timedOut": null,
              "duration": 39084,
              "state": "passed",
              "speed": "slow",
              "pass": true,
              "fail": false,
              "pending": false,
              "context": null,
              "code": "const state = window.testState;\nreturn cy\n  .then(() => state.onStartScenario(scenario, indexedSteps))\n  .then(() =>\n    resolveAndRunBeforeHooks.call(this, scenario.tags, state.feature.name)\n  )\n  .then(() =>\n    indexedSteps.forEach(step => stepTest.call(this, state, step, rowData))\n  )\n  .then(() =>\n    resolveAndRunAfterHooks.call(this, scenario.tags, state.feature.name)\n  )\n  .then(() => state.onFinishScenario(scenario));",
              "err": {},
              "uuid": "0b626066-1c08-497a-aa6e-b4a0289cbb4d",
              "parentUUID": "ae71a477-44fd-4bba-bcce-46e84b09c338",
              "isHook": false,
              "skipped": false
            },
            {
              "title": "Agent can navigate through Info tab, Call History tab, Call in Queue tab",
              "fullTitle": "Cloud on Demand checks - Agent Agent can navigate through Info tab, Call History tab, Call in Queue tab",
              "timedOut": null,
              "duration": 28158,
              "state": "passed",
              "speed": "slow",
              "pass": true,
              "fail": false,
              "pending": false,
              "context": null,
              "code": "const state = window.testState;\nreturn cy\n  .then(() => state.onStartScenario(scenario, indexedSteps))\n  .then(() =>\n    resolveAndRunBeforeHooks.call(this, scenario.tags, state.feature.name)\n  )\n  .then(() =>\n    indexedSteps.forEach(step => stepTest.call(this, state, step, rowData))\n  )\n  .then(() =>\n    resolveAndRunAfterHooks.call(this, scenario.tags, state.feature.name)\n  )\n  .then(() => state.onFinishScenario(scenario));",
              "err": {},
              "uuid": "b3d33645-a34b-424f-93c6-e0e394999c8b",
              "parentUUID": "ae71a477-44fd-4bba-bcce-46e84b09c338",
              "isHook": false,
              "skipped": false
            }
          ],
          "suites": [],
          "passes": [
            "8871ade4-0b53-4df6-ae2d-ce276cf613eb",
            "0b626066-1c08-497a-aa6e-b4a0289cbb4d",
            "b3d33645-a34b-424f-93c6-e0e394999c8b"
          ],
          "failures": [],
          "pending": [],
          "skipped": [],
          "duration": 113308,
          "root": false,
          "rootEmpty": false,
          "_timeout": 2000
        }
      ],
      "passes": [],
      "failures": [],
      "pending": [],
      "skipped": [],
      "duration": 0,
      "root": true,
      "rootEmpty": true,
      "_timeout": 2000
    }
  ],
  "meta": {
    "mocha": {
      "version": "7.2.0"
    },
    "mochawesome": {
      "options": {
        "quiet": false,
        "reportFilename": "mochawesome",
        "saveHtml": false,
        "saveJson": true,
        "consoleReporter": "spec",
        "useInlineDiffs": false,
        "code": true
      },
      "version": "6.1.1"
    },
    "marge": {
      "options": {
        "reportDir": "cypress/reports/separate-reports",
        "overwrite": false,
        "html": false,
        "json": true
      },
      "version": "5.1.0"
    }
  }
}